/home/doof-wagon/f1tenth_ws/object_detection/install/object_detection/lib/python3.8/site-packages/object_detection/__init__.py
/home/doof-wagon/f1tenth_ws/object_detection/install/object_detection/lib/python3.8/site-packages/object_detection/object_detection_node.py
/home/doof-wagon/f1tenth_ws/object_detection/install/object_detection/lib/python3.8/site-packages/object_detection/object_detection/run2Videos.py
/home/doof-wagon/f1tenth_ws/object_detection/install/object_detection/lib/python3.8/site-packages/object_detection/object_detection/mainObjectDetection.py
/home/doof-wagon/f1tenth_ws/object_detection/install/object_detection/lib/python3.8/site-packages/object_detection/object_detection/__init__.py
/home/doof-wagon/f1tenth_ws/object_detection/install/object_detection/lib/python3.8/site-packages/object_detection/object_detection/yolov8n.pt
/home/doof-wagon/f1tenth_ws/object_detection/install/object_detection/lib/python3.8/site-packages/object_detection/object_detection/yolov8s.pt
/home/doof-wagon/f1tenth_ws/object_detection/install/object_detection/lib/python3.8/site-packages/object_detection/object_detection/YOLO_car_detector.py
/home/doof-wagon/f1tenth_ws/object_detection/install/object_detection/lib/python3.8/site-packages/object_detection/object_detection/yoloWorldCarDetector.py
/home/doof-wagon/f1tenth_ws/object_detection/install/object_detection/lib/python3.8/site-packages/object_detection/object_detection/yolov8s-world.pt
/home/doof-wagon/f1tenth_ws/object_detection/install/object_detection/lib/python3.8/site-packages/object_detection/__pycache__/__init__.cpython-38.pyc
/home/doof-wagon/f1tenth_ws/object_detection/install/object_detection/lib/python3.8/site-packages/object_detection/__pycache__/object_detection_node.cpython-38.pyc
/home/doof-wagon/f1tenth_ws/object_detection/install/object_detection/lib/python3.8/site-packages/object_detection/object_detection/__pycache__/run2Videos.cpython-38.pyc
/home/doof-wagon/f1tenth_ws/object_detection/install/object_detection/lib/python3.8/site-packages/object_detection/object_detection/__pycache__/mainObjectDetection.cpython-38.pyc
/home/doof-wagon/f1tenth_ws/object_detection/install/object_detection/lib/python3.8/site-packages/object_detection/object_detection/__pycache__/__init__.cpython-38.pyc
/home/doof-wagon/f1tenth_ws/object_detection/install/object_detection/lib/python3.8/site-packages/object_detection/object_detection/__pycache__/YOLO_car_detector.cpython-38.pyc
/home/doof-wagon/f1tenth_ws/object_detection/install/object_detection/lib/python3.8/site-packages/object_detection/object_detection/__pycache__/yoloWorldCarDetector.cpython-38.pyc
/home/doof-wagon/f1tenth_ws/object_detection/install/object_detection/share/ament_index/resource_index/packages/object_detection
/home/doof-wagon/f1tenth_ws/object_detection/install/object_detection/share/object_detection/package.xml
/home/doof-wagon/f1tenth_ws/object_detection/install/object_detection/lib/python3.8/site-packages/object_detection-0.0.0-py3.8.egg-info/SOURCES.txt
/home/doof-wagon/f1tenth_ws/object_detection/install/object_detection/lib/python3.8/site-packages/object_detection-0.0.0-py3.8.egg-info/zip-safe
/home/doof-wagon/f1tenth_ws/object_detection/install/object_detection/lib/python3.8/site-packages/object_detection-0.0.0-py3.8.egg-info/top_level.txt
/home/doof-wagon/f1tenth_ws/object_detection/install/object_detection/lib/python3.8/site-packages/object_detection-0.0.0-py3.8.egg-info/entry_points.txt
/home/doof-wagon/f1tenth_ws/object_detection/install/object_detection/lib/python3.8/site-packages/object_detection-0.0.0-py3.8.egg-info/dependency_links.txt
/home/doof-wagon/f1tenth_ws/object_detection/install/object_detection/lib/python3.8/site-packages/object_detection-0.0.0-py3.8.egg-info/PKG-INFO
/home/doof-wagon/f1tenth_ws/object_detection/install/object_detection/lib/python3.8/site-packages/object_detection-0.0.0-py3.8.egg-info/requires.txt
/home/doof-wagon/f1tenth_ws/object_detection/install/object_detection/lib/object_detection/object_detection_node
