[34.358s] DEBUG:colcon:Command line arguments: ['/usr/bin/colcon', 'build', '--packages-select', 'object_detection']
[34.358s] DEBUG:colcon:Parsed command line arguments: Namespace(allow_overriding=[], ament_cmake_args=None, base_paths=['.'], build_base='build', catkin_cmake_args=None, catkin_skip_building_tests=False, cmake_args=None, cmake_clean_cache=False, cmake_clean_first=False, cmake_force_configure=False, cmake_target=None, cmake_target_skip_unavailable=False, continue_on_error=False, event_handlers=None, executor='parallel', ignore_user_meta=False, install_base='install', log_base=None, log_level=None, main=<bound method BuildVerb.main of <colcon_core.verb.build.BuildVerb object at 0xffffb14e0220>>, merge_install=False, metas=['./colcon.meta'], packages_above=None, packages_above_and_dependencies=None, packages_above_depth=None, packages_end=None, packages_ignore=None, packages_ignore_regex=None, packages_select=['object_detection'], packages_select_build_failed=False, packages_select_by_dep=None, packages_select_regex=None, packages_select_test_failures=False, packages_skip=None, packages_skip_build_finished=False, packages_skip_by_dep=None, packages_skip_regex=None, packages_skip_test_passed=False, packages_skip_up_to=None, packages_start=None, packages_up_to=None, packages_up_to_regex=None, parallel_workers=4, paths=None, symlink_install=False, test_result_base=None, verb_extension=<colcon_core.verb.build.BuildVerb object at 0xffffb14e0220>, verb_name='build', verb_parser=<colcon_defaults.argument_parser.defaults.DefaultArgumentsDecorator object at 0xffffb14a3700>)
[35.669s] Level 1:colcon.colcon_core.package_discovery:discover_packages(colcon_meta) check parameters
[35.670s] Level 1:colcon.colcon_core.package_discovery:discover_packages(recursive) check parameters
[35.670s] Level 1:colcon.colcon_core.package_discovery:discover_packages(ignore) check parameters
[35.670s] Level 1:colcon.colcon_core.package_discovery:discover_packages(path) check parameters
[35.670s] Level 1:colcon.colcon_core.package_discovery:discover_packages(colcon_meta) discover
[35.671s] Level 1:colcon.colcon_core.package_discovery:discover_packages(recursive) discover
[35.671s] INFO:colcon.colcon_core.package_discovery:Crawling recursively for packages in '/home/doof-wagon/f1tenth_ws/object_detection/launch'
[35.672s] Level 1:colcon.colcon_core.package_identification:_identify(.) by extensions ['ignore', 'ignore_ament_install']
[35.672s] Level 1:colcon.colcon_core.package_identification:_identify(.) by extension 'ignore'
[35.673s] Level 1:colcon.colcon_core.package_identification:_identify(.) by extension 'ignore_ament_install'
[35.673s] Level 1:colcon.colcon_core.package_identification:_identify(.) by extensions ['colcon_pkg']
[35.673s] Level 1:colcon.colcon_core.package_identification:_identify(.) by extension 'colcon_pkg'
[35.674s] Level 1:colcon.colcon_core.package_identification:_identify(.) by extensions ['colcon_meta']
[35.674s] Level 1:colcon.colcon_core.package_identification:_identify(.) by extension 'colcon_meta'
[35.674s] Level 1:colcon.colcon_core.package_identification:_identify(.) by extensions ['ros']
[35.674s] Level 1:colcon.colcon_core.package_identification:_identify(.) by extension 'ros'
[35.740s] Level 1:colcon.colcon_core.package_identification:_identify(.) by extensions ['cmake', 'python']
[35.741s] Level 1:colcon.colcon_core.package_identification:_identify(.) by extension 'cmake'
[35.741s] Level 1:colcon.colcon_core.package_identification:_identify(.) by extension 'python'
[35.741s] Level 1:colcon.colcon_core.package_identification:_identify(.) by extensions ['python_setup_py']
[35.741s] Level 1:colcon.colcon_core.package_identification:_identify(.) by extension 'python_setup_py'
[35.742s] Level 1:colcon.colcon_core.package_identification:_identify(__pycache__) by extensions ['ignore', 'ignore_ament_install']
[35.743s] Level 1:colcon.colcon_core.package_identification:_identify(__pycache__) by extension 'ignore'
[35.743s] Level 1:colcon.colcon_core.package_identification:_identify(__pycache__) by extension 'ignore_ament_install'
[35.743s] Level 1:colcon.colcon_core.package_identification:_identify(__pycache__) by extensions ['colcon_pkg']
[35.744s] Level 1:colcon.colcon_core.package_identification:_identify(__pycache__) by extension 'colcon_pkg'
[35.744s] Level 1:colcon.colcon_core.package_identification:_identify(__pycache__) by extensions ['colcon_meta']
[35.744s] Level 1:colcon.colcon_core.package_identification:_identify(__pycache__) by extension 'colcon_meta'
[35.745s] Level 1:colcon.colcon_core.package_identification:_identify(__pycache__) by extensions ['ros']
[35.745s] Level 1:colcon.colcon_core.package_identification:_identify(__pycache__) by extension 'ros'
[35.745s] Level 1:colcon.colcon_core.package_identification:_identify(__pycache__) by extensions ['cmake', 'python']
[35.746s] Level 1:colcon.colcon_core.package_identification:_identify(__pycache__) by extension 'cmake'
[35.746s] Level 1:colcon.colcon_core.package_identification:_identify(__pycache__) by extension 'python'
[35.746s] Level 1:colcon.colcon_core.package_identification:_identify(__pycache__) by extensions ['python_setup_py']
[35.747s] Level 1:colcon.colcon_core.package_identification:_identify(__pycache__) by extension 'python_setup_py'
[35.747s] Level 1:colcon.colcon_core.package_identification:_identify(build) by extensions ['ignore', 'ignore_ament_install']
[35.748s] Level 1:colcon.colcon_core.package_identification:_identify(build) by extension 'ignore'
[35.748s] Level 1:colcon.colcon_core.package_identification:_identify(build) ignored
[35.749s] Level 1:colcon.colcon_core.package_identification:_identify(install) by extensions ['ignore', 'ignore_ament_install']
[35.750s] Level 1:colcon.colcon_core.package_identification:_identify(install) by extension 'ignore'
[35.750s] Level 1:colcon.colcon_core.package_identification:_identify(install) ignored
[35.751s] Level 1:colcon.colcon_core.package_identification:_identify(log) by extensions ['ignore', 'ignore_ament_install']
[35.751s] Level 1:colcon.colcon_core.package_identification:_identify(log) by extension 'ignore'
[35.752s] Level 1:colcon.colcon_core.package_identification:_identify(log) ignored
[35.752s] Level 1:colcon.colcon_core.package_discovery:discover_packages(recursive) using defaults
[35.754s] Level 1:colcon.colcon_core.package_discovery:discover_packages(ignore) discover
[35.754s] Level 1:colcon.colcon_core.package_discovery:discover_packages(ignore) using defaults
[35.754s] Level 1:colcon.colcon_core.package_discovery:discover_packages(path) discover
[35.754s] Level 1:colcon.colcon_core.package_discovery:discover_packages(path) using defaults
[36.345s] WARNING:colcon.colcon_core.package_selection:ignoring unknown package 'object_detection' in --packages-select
[38.833s] Level 1:colcon.colcon_core.package_discovery:discover_packages(prefix_path) check parameters
[38.833s] Level 1:colcon.colcon_core.package_discovery:discover_packages(prefix_path) discover
[40.026s] DEBUG:colcon.colcon_installed_package_information.package_discovery:Found 31 installed packages in /home/doof-wagon/f1tenth_ws/install
[40.621s] DEBUG:colcon.colcon_installed_package_information.package_discovery:Found 0 installed packages in /home/doof-wagon/f1tenth_ws/object_detection/launch/install
[41.231s] DEBUG:colcon.colcon_installed_package_information.package_discovery:Found 313 installed packages in /opt/ros/foxy
[41.242s] Level 1:colcon.colcon_core.package_discovery:discover_packages(prefix_path) using defaults
[42.929s] INFO:colcon.colcon_core.executor:Executing jobs using 'parallel' executor
[43.520s] DEBUG:colcon.colcon_parallel_executor.executor.parallel:run_until_complete
[43.522s] DEBUG:colcon.colcon_parallel_executor.executor.parallel:closing loop
[43.523s] DEBUG:colcon.colcon_parallel_executor.executor.parallel:loop closed
[43.523s] DEBUG:colcon.colcon_parallel_executor.executor.parallel:run_until_complete finished with '0'
[43.523s] DEBUG:colcon.colcon_core.event_reactor:joining thread
[44.183s] INFO:colcon.colcon_core.plugin_system:Skipping extension 'colcon_notification.desktop_notification.terminal_notifier': Not used on non-Darwin systems
[44.183s] INFO:colcon.colcon_core.plugin_system:Skipping extension 'colcon_notification.desktop_notification.win32': Not used on non-Windows systems
[44.184s] INFO:colcon.colcon_notification.desktop_notification:Sending desktop notification using 'notify2'
[44.287s] DEBUG:colcon.colcon_core.event_reactor:joined thread
[44.923s] INFO:colcon.colcon_core.plugin_system:Skipping extension 'colcon_core.shell.bat': Not used on non-Windows systems
[44.924s] INFO:colcon.colcon_core.shell:Creating prefix script '/home/doof-wagon/f1tenth_ws/object_detection/launch/install/local_setup.ps1'
[44.929s] INFO:colcon.colcon_core.shell:Creating prefix util module '/home/doof-wagon/f1tenth_ws/object_detection/launch/install/_local_setup_util_ps1.py'
[44.936s] INFO:colcon.colcon_core.shell:Creating prefix chain script '/home/doof-wagon/f1tenth_ws/object_detection/launch/install/setup.ps1'
[45.561s] INFO:colcon.colcon_core.shell:Creating prefix script '/home/doof-wagon/f1tenth_ws/object_detection/launch/install/local_setup.sh'
[45.564s] INFO:colcon.colcon_core.shell:Creating prefix util module '/home/doof-wagon/f1tenth_ws/object_detection/launch/install/_local_setup_util_sh.py'
[45.567s] INFO:colcon.colcon_core.shell:Creating prefix chain script '/home/doof-wagon/f1tenth_ws/object_detection/launch/install/setup.sh'
[46.189s] INFO:colcon.colcon_core.shell:Creating prefix script '/home/doof-wagon/f1tenth_ws/object_detection/launch/install/local_setup.bash'
[46.192s] INFO:colcon.colcon_core.shell:Creating prefix chain script '/home/doof-wagon/f1tenth_ws/object_detection/launch/install/setup.bash'
[46.890s] INFO:colcon.colcon_core.shell:Creating prefix script '/home/doof-wagon/f1tenth_ws/object_detection/launch/install/local_setup.zsh'
[46.895s] INFO:colcon.colcon_core.shell:Creating prefix chain script '/home/doof-wagon/f1tenth_ws/object_detection/launch/install/setup.zsh'
