[38.067s] DEBUG:colcon:Command line arguments: ['/usr/bin/colcon', 'build', '--packages-select', 'object_detection']
[38.067s] DEBUG:colcon:Parsed command line arguments: Namespace(allow_overriding=[], ament_cmake_args=None, base_paths=['.'], build_base='build', catkin_cmake_args=None, catkin_skip_building_tests=False, cmake_args=None, cmake_clean_cache=False, cmake_clean_first=False, cmake_force_configure=False, cmake_target=None, cmake_target_skip_unavailable=False, continue_on_error=False, event_handlers=None, executor='parallel', ignore_user_meta=False, install_base='install', log_base=None, log_level=None, main=<bound method BuildVerb.main of <colcon_core.verb.build.BuildVerb object at 0xffff81e1e2b0>>, merge_install=False, metas=['./colcon.meta'], packages_above=None, packages_above_and_dependencies=None, packages_above_depth=None, packages_end=None, packages_ignore=None, packages_ignore_regex=None, packages_select=['object_detection'], packages_select_build_failed=False, packages_select_by_dep=None, packages_select_regex=None, packages_select_test_failures=False, packages_skip=None, packages_skip_build_finished=False, packages_skip_by_dep=None, packages_skip_regex=None, packages_skip_test_passed=False, packages_skip_up_to=None, packages_start=None, packages_up_to=None, packages_up_to_regex=None, parallel_workers=4, paths=None, symlink_install=False, test_result_base=None, verb_extension=<colcon_core.verb.build.BuildVerb object at 0xffff81e1e2b0>, verb_name='build', verb_parser=<colcon_defaults.argument_parser.defaults.DefaultArgumentsDecorator object at 0xffff81d62940>)
[39.449s] Level 1:colcon.colcon_core.package_discovery:discover_packages(colcon_meta) check parameters
[39.449s] Level 1:colcon.colcon_core.package_discovery:discover_packages(recursive) check parameters
[39.450s] Level 1:colcon.colcon_core.package_discovery:discover_packages(ignore) check parameters
[39.450s] Level 1:colcon.colcon_core.package_discovery:discover_packages(path) check parameters
[39.451s] Level 1:colcon.colcon_core.package_discovery:discover_packages(colcon_meta) discover
[39.451s] Level 1:colcon.colcon_core.package_discovery:discover_packages(recursive) discover
[39.451s] INFO:colcon.colcon_core.package_discovery:Crawling recursively for packages in '/home/doof-wagon/f1tenth_ws/object_detection/launch'
[39.452s] Level 1:colcon.colcon_core.package_identification:_identify(.) by extensions ['ignore', 'ignore_ament_install']
[39.453s] Level 1:colcon.colcon_core.package_identification:_identify(.) by extension 'ignore'
[39.453s] Level 1:colcon.colcon_core.package_identification:_identify(.) by extension 'ignore_ament_install'
[39.453s] Level 1:colcon.colcon_core.package_identification:_identify(.) by extensions ['colcon_pkg']
[39.454s] Level 1:colcon.colcon_core.package_identification:_identify(.) by extension 'colcon_pkg'
[39.454s] Level 1:colcon.colcon_core.package_identification:_identify(.) by extensions ['colcon_meta']
[39.454s] Level 1:colcon.colcon_core.package_identification:_identify(.) by extension 'colcon_meta'
[39.454s] Level 1:colcon.colcon_core.package_identification:_identify(.) by extensions ['ros']
[39.455s] Level 1:colcon.colcon_core.package_identification:_identify(.) by extension 'ros'
[39.529s] Level 1:colcon.colcon_core.package_identification:_identify(.) by extensions ['cmake', 'python']
[39.530s] Level 1:colcon.colcon_core.package_identification:_identify(.) by extension 'cmake'
[39.530s] Level 1:colcon.colcon_core.package_identification:_identify(.) by extension 'python'
[39.531s] Level 1:colcon.colcon_core.package_identification:_identify(.) by extensions ['python_setup_py']
[39.531s] Level 1:colcon.colcon_core.package_identification:_identify(.) by extension 'python_setup_py'
[39.532s] Level 1:colcon.colcon_core.package_identification:_identify(__pycache__) by extensions ['ignore', 'ignore_ament_install']
[39.532s] Level 1:colcon.colcon_core.package_identification:_identify(__pycache__) by extension 'ignore'
[39.533s] Level 1:colcon.colcon_core.package_identification:_identify(__pycache__) by extension 'ignore_ament_install'
[39.533s] Level 1:colcon.colcon_core.package_identification:_identify(__pycache__) by extensions ['colcon_pkg']
[39.533s] Level 1:colcon.colcon_core.package_identification:_identify(__pycache__) by extension 'colcon_pkg'
[39.534s] Level 1:colcon.colcon_core.package_identification:_identify(__pycache__) by extensions ['colcon_meta']
[39.534s] Level 1:colcon.colcon_core.package_identification:_identify(__pycache__) by extension 'colcon_meta'
[39.534s] Level 1:colcon.colcon_core.package_identification:_identify(__pycache__) by extensions ['ros']
[39.535s] Level 1:colcon.colcon_core.package_identification:_identify(__pycache__) by extension 'ros'
[39.535s] Level 1:colcon.colcon_core.package_identification:_identify(__pycache__) by extensions ['cmake', 'python']
[39.536s] Level 1:colcon.colcon_core.package_identification:_identify(__pycache__) by extension 'cmake'
[39.536s] Level 1:colcon.colcon_core.package_identification:_identify(__pycache__) by extension 'python'
[39.536s] Level 1:colcon.colcon_core.package_identification:_identify(__pycache__) by extensions ['python_setup_py']
[39.536s] Level 1:colcon.colcon_core.package_identification:_identify(__pycache__) by extension 'python_setup_py'
[39.537s] Level 1:colcon.colcon_core.package_identification:_identify(build) by extensions ['ignore', 'ignore_ament_install']
[39.538s] Level 1:colcon.colcon_core.package_identification:_identify(build) by extension 'ignore'
[39.538s] Level 1:colcon.colcon_core.package_identification:_identify(build) ignored
[39.539s] Level 1:colcon.colcon_core.package_identification:_identify(install) by extensions ['ignore', 'ignore_ament_install']
[39.539s] Level 1:colcon.colcon_core.package_identification:_identify(install) by extension 'ignore'
[39.540s] Level 1:colcon.colcon_core.package_identification:_identify(install) ignored
[39.540s] Level 1:colcon.colcon_core.package_identification:_identify(log) by extensions ['ignore', 'ignore_ament_install']
[39.541s] Level 1:colcon.colcon_core.package_identification:_identify(log) by extension 'ignore'
[39.541s] Level 1:colcon.colcon_core.package_identification:_identify(log) ignored
[39.541s] Level 1:colcon.colcon_core.package_discovery:discover_packages(recursive) using defaults
[39.541s] Level 1:colcon.colcon_core.package_discovery:discover_packages(ignore) discover
[39.542s] Level 1:colcon.colcon_core.package_discovery:discover_packages(ignore) using defaults
[39.542s] Level 1:colcon.colcon_core.package_discovery:discover_packages(path) discover
[39.542s] Level 1:colcon.colcon_core.package_discovery:discover_packages(path) using defaults
[40.209s] WARNING:colcon.colcon_core.package_selection:ignoring unknown package 'object_detection' in --packages-select
[42.909s] Level 1:colcon.colcon_core.package_discovery:discover_packages(prefix_path) check parameters
[42.909s] Level 1:colcon.colcon_core.package_discovery:discover_packages(prefix_path) discover
[44.257s] DEBUG:colcon.colcon_installed_package_information.package_discovery:Found 31 installed packages in /home/doof-wagon/f1tenth_ws/install
[44.955s] DEBUG:colcon.colcon_installed_package_information.package_discovery:Found 313 installed packages in /opt/ros/foxy
[44.967s] Level 1:colcon.colcon_core.package_discovery:discover_packages(prefix_path) using defaults
[46.974s] INFO:colcon.colcon_core.executor:Executing jobs using 'parallel' executor
[47.750s] DEBUG:colcon.colcon_parallel_executor.executor.parallel:run_until_complete
[47.750s] DEBUG:colcon.colcon_parallel_executor.executor.parallel:closing loop
[47.751s] DEBUG:colcon.colcon_parallel_executor.executor.parallel:loop closed
[47.751s] DEBUG:colcon.colcon_parallel_executor.executor.parallel:run_until_complete finished with '0'
[47.752s] DEBUG:colcon.colcon_core.event_reactor:joining thread
[48.529s] INFO:colcon.colcon_core.plugin_system:Skipping extension 'colcon_notification.desktop_notification.terminal_notifier': Not used on non-Darwin systems
[48.530s] INFO:colcon.colcon_core.plugin_system:Skipping extension 'colcon_notification.desktop_notification.win32': Not used on non-Windows systems
[48.531s] INFO:colcon.colcon_notification.desktop_notification:Sending desktop notification using 'notify2'
[48.648s] DEBUG:colcon.colcon_core.event_reactor:joined thread
[49.619s] INFO:colcon.colcon_core.plugin_system:Skipping extension 'colcon_core.shell.bat': Not used on non-Windows systems
[49.621s] INFO:colcon.colcon_core.shell:Creating prefix script '/home/doof-wagon/f1tenth_ws/object_detection/launch/install/local_setup.ps1'
[49.629s] INFO:colcon.colcon_core.shell:Creating prefix util module '/home/doof-wagon/f1tenth_ws/object_detection/launch/install/_local_setup_util_ps1.py'
[49.639s] INFO:colcon.colcon_core.shell:Creating prefix chain script '/home/doof-wagon/f1tenth_ws/object_detection/launch/install/setup.ps1'
[50.377s] INFO:colcon.colcon_core.shell:Creating prefix script '/home/doof-wagon/f1tenth_ws/object_detection/launch/install/local_setup.sh'
[50.380s] INFO:colcon.colcon_core.shell:Creating prefix util module '/home/doof-wagon/f1tenth_ws/object_detection/launch/install/_local_setup_util_sh.py'
[50.384s] INFO:colcon.colcon_core.shell:Creating prefix chain script '/home/doof-wagon/f1tenth_ws/object_detection/launch/install/setup.sh'
[51.100s] INFO:colcon.colcon_core.shell:Creating prefix script '/home/doof-wagon/f1tenth_ws/object_detection/launch/install/local_setup.bash'
[51.103s] INFO:colcon.colcon_core.shell:Creating prefix chain script '/home/doof-wagon/f1tenth_ws/object_detection/launch/install/setup.bash'
[51.759s] INFO:colcon.colcon_core.shell:Creating prefix script '/home/doof-wagon/f1tenth_ws/object_detection/launch/install/local_setup.zsh'
[51.764s] INFO:colcon.colcon_core.shell:Creating prefix chain script '/home/doof-wagon/f1tenth_ws/object_detection/launch/install/setup.zsh'
