[33.797s] DEBUG:colcon:Command line arguments: ['/usr/bin/colcon', 'build', '--packages-select', 'object_detection']
[33.798s] DEBUG:colcon:Parsed command line arguments: Namespace(allow_overriding=[], ament_cmake_args=None, base_paths=['.'], build_base='build', catkin_cmake_args=None, catkin_skip_building_tests=False, cmake_args=None, cmake_clean_cache=False, cmake_clean_first=False, cmake_force_configure=False, cmake_target=None, cmake_target_skip_unavailable=False, continue_on_error=False, event_handlers=None, executor='parallel', ignore_user_meta=False, install_base='install', log_base=None, log_level=None, main=<bound method BuildVerb.main of <colcon_core.verb.build.BuildVerb object at 0xffff9a7f6ca0>>, merge_install=False, metas=['./colcon.meta'], packages_above=None, packages_above_and_dependencies=None, packages_above_depth=None, packages_end=None, packages_ignore=None, packages_ignore_regex=None, packages_select=['object_detection'], packages_select_build_failed=False, packages_select_by_dep=None, packages_select_regex=None, packages_select_test_failures=False, packages_skip=None, packages_skip_build_finished=False, packages_skip_by_dep=None, packages_skip_regex=None, packages_skip_test_passed=False, packages_skip_up_to=None, packages_start=None, packages_up_to=None, packages_up_to_regex=None, parallel_workers=4, paths=None, symlink_install=False, test_result_base=None, verb_extension=<colcon_core.verb.build.BuildVerb object at 0xffff9a7f6ca0>, verb_name='build', verb_parser=<colcon_defaults.argument_parser.defaults.DefaultArgumentsDecorator object at 0xffff9a47b610>)
[35.514s] Level 1:colcon.colcon_core.package_discovery:discover_packages(colcon_meta) check parameters
[35.515s] Level 1:colcon.colcon_core.package_discovery:discover_packages(recursive) check parameters
[35.515s] Level 1:colcon.colcon_core.package_discovery:discover_packages(ignore) check parameters
[35.515s] Level 1:colcon.colcon_core.package_discovery:discover_packages(path) check parameters
[35.515s] Level 1:colcon.colcon_core.package_discovery:discover_packages(colcon_meta) discover
[35.516s] Level 1:colcon.colcon_core.package_discovery:discover_packages(recursive) discover
[35.516s] INFO:colcon.colcon_core.package_discovery:Crawling recursively for packages in '/home/doof-wagon/f1tenth_ws/object_detection/launch'
[35.517s] Level 1:colcon.colcon_core.package_identification:_identify(.) by extensions ['ignore', 'ignore_ament_install']
[35.518s] Level 1:colcon.colcon_core.package_identification:_identify(.) by extension 'ignore'
[35.518s] Level 1:colcon.colcon_core.package_identification:_identify(.) by extension 'ignore_ament_install'
[35.519s] Level 1:colcon.colcon_core.package_identification:_identify(.) by extensions ['colcon_pkg']
[35.519s] Level 1:colcon.colcon_core.package_identification:_identify(.) by extension 'colcon_pkg'
[35.519s] Level 1:colcon.colcon_core.package_identification:_identify(.) by extensions ['colcon_meta']
[35.519s] Level 1:colcon.colcon_core.package_identification:_identify(.) by extension 'colcon_meta'
[35.520s] Level 1:colcon.colcon_core.package_identification:_identify(.) by extensions ['ros']
[35.520s] Level 1:colcon.colcon_core.package_identification:_identify(.) by extension 'ros'
[35.593s] Level 1:colcon.colcon_core.package_identification:_identify(.) by extensions ['cmake', 'python']
[35.593s] Level 1:colcon.colcon_core.package_identification:_identify(.) by extension 'cmake'
[35.594s] Level 1:colcon.colcon_core.package_identification:_identify(.) by extension 'python'
[35.594s] Level 1:colcon.colcon_core.package_identification:_identify(.) by extensions ['python_setup_py']
[35.594s] Level 1:colcon.colcon_core.package_identification:_identify(.) by extension 'python_setup_py'
[35.595s] Level 1:colcon.colcon_core.package_identification:_identify(__pycache__) by extensions ['ignore', 'ignore_ament_install']
[35.596s] Level 1:colcon.colcon_core.package_identification:_identify(__pycache__) by extension 'ignore'
[35.596s] Level 1:colcon.colcon_core.package_identification:_identify(__pycache__) by extension 'ignore_ament_install'
[35.597s] Level 1:colcon.colcon_core.package_identification:_identify(__pycache__) by extensions ['colcon_pkg']
[35.597s] Level 1:colcon.colcon_core.package_identification:_identify(__pycache__) by extension 'colcon_pkg'
[35.597s] Level 1:colcon.colcon_core.package_identification:_identify(__pycache__) by extensions ['colcon_meta']
[35.597s] Level 1:colcon.colcon_core.package_identification:_identify(__pycache__) by extension 'colcon_meta'
[35.598s] Level 1:colcon.colcon_core.package_identification:_identify(__pycache__) by extensions ['ros']
[35.598s] Level 1:colcon.colcon_core.package_identification:_identify(__pycache__) by extension 'ros'
[35.598s] Level 1:colcon.colcon_core.package_identification:_identify(__pycache__) by extensions ['cmake', 'python']
[35.599s] Level 1:colcon.colcon_core.package_identification:_identify(__pycache__) by extension 'cmake'
[35.599s] Level 1:colcon.colcon_core.package_identification:_identify(__pycache__) by extension 'python'
[35.599s] Level 1:colcon.colcon_core.package_identification:_identify(__pycache__) by extensions ['python_setup_py']
[35.599s] Level 1:colcon.colcon_core.package_identification:_identify(__pycache__) by extension 'python_setup_py'
[35.600s] Level 1:colcon.colcon_core.package_identification:_identify(build) by extensions ['ignore', 'ignore_ament_install']
[35.601s] Level 1:colcon.colcon_core.package_identification:_identify(build) by extension 'ignore'
[35.601s] Level 1:colcon.colcon_core.package_identification:_identify(build) ignored
[35.602s] Level 1:colcon.colcon_core.package_identification:_identify(install) by extensions ['ignore', 'ignore_ament_install']
[35.603s] Level 1:colcon.colcon_core.package_identification:_identify(install) by extension 'ignore'
[35.603s] Level 1:colcon.colcon_core.package_identification:_identify(install) ignored
[35.604s] Level 1:colcon.colcon_core.package_identification:_identify(log) by extensions ['ignore', 'ignore_ament_install']
[35.604s] Level 1:colcon.colcon_core.package_identification:_identify(log) by extension 'ignore'
[35.605s] Level 1:colcon.colcon_core.package_identification:_identify(log) ignored
[35.605s] Level 1:colcon.colcon_core.package_discovery:discover_packages(recursive) using defaults
[35.605s] Level 1:colcon.colcon_core.package_discovery:discover_packages(ignore) discover
[35.605s] Level 1:colcon.colcon_core.package_discovery:discover_packages(ignore) using defaults
[35.605s] Level 1:colcon.colcon_core.package_discovery:discover_packages(path) discover
[35.606s] Level 1:colcon.colcon_core.package_discovery:discover_packages(path) using defaults
[36.228s] WARNING:colcon.colcon_core.package_selection:ignoring unknown package 'object_detection' in --packages-select
[39.019s] Level 1:colcon.colcon_core.package_discovery:discover_packages(prefix_path) check parameters
[39.019s] Level 1:colcon.colcon_core.package_discovery:discover_packages(prefix_path) discover
[40.494s] DEBUG:colcon.colcon_installed_package_information.package_discovery:Found 0 installed packages in /home/doof-wagon/f1tenth_ws/object_detection/launch/install
[41.117s] DEBUG:colcon.colcon_installed_package_information.package_discovery:Found 31 installed packages in /home/doof-wagon/f1tenth_ws/install
[41.757s] DEBUG:colcon.colcon_installed_package_information.package_discovery:Found 313 installed packages in /opt/ros/foxy
[41.769s] Level 1:colcon.colcon_core.package_discovery:discover_packages(prefix_path) using defaults
[43.612s] INFO:colcon.colcon_core.executor:Executing jobs using 'parallel' executor
[44.257s] DEBUG:colcon.colcon_parallel_executor.executor.parallel:run_until_complete
[44.258s] DEBUG:colcon.colcon_parallel_executor.executor.parallel:closing loop
[44.260s] DEBUG:colcon.colcon_parallel_executor.executor.parallel:loop closed
[44.261s] DEBUG:colcon.colcon_parallel_executor.executor.parallel:run_until_complete finished with '0'
[44.261s] DEBUG:colcon.colcon_core.event_reactor:joining thread
[44.961s] INFO:colcon.colcon_core.plugin_system:Skipping extension 'colcon_notification.desktop_notification.terminal_notifier': Not used on non-Darwin systems
[44.962s] INFO:colcon.colcon_core.plugin_system:Skipping extension 'colcon_notification.desktop_notification.win32': Not used on non-Windows systems
[44.962s] INFO:colcon.colcon_notification.desktop_notification:Sending desktop notification using 'notify2'
[45.066s] DEBUG:colcon.colcon_core.event_reactor:joined thread
[45.729s] INFO:colcon.colcon_core.plugin_system:Skipping extension 'colcon_core.shell.bat': Not used on non-Windows systems
[45.730s] INFO:colcon.colcon_core.shell:Creating prefix script '/home/doof-wagon/f1tenth_ws/object_detection/launch/install/local_setup.ps1'
[45.737s] INFO:colcon.colcon_core.shell:Creating prefix util module '/home/doof-wagon/f1tenth_ws/object_detection/launch/install/_local_setup_util_ps1.py'
[45.745s] INFO:colcon.colcon_core.shell:Creating prefix chain script '/home/doof-wagon/f1tenth_ws/object_detection/launch/install/setup.ps1'
[46.380s] INFO:colcon.colcon_core.shell:Creating prefix script '/home/doof-wagon/f1tenth_ws/object_detection/launch/install/local_setup.sh'
[46.383s] INFO:colcon.colcon_core.shell:Creating prefix util module '/home/doof-wagon/f1tenth_ws/object_detection/launch/install/_local_setup_util_sh.py'
[46.386s] INFO:colcon.colcon_core.shell:Creating prefix chain script '/home/doof-wagon/f1tenth_ws/object_detection/launch/install/setup.sh'
[47.039s] INFO:colcon.colcon_core.shell:Creating prefix script '/home/doof-wagon/f1tenth_ws/object_detection/launch/install/local_setup.bash'
[47.042s] INFO:colcon.colcon_core.shell:Creating prefix chain script '/home/doof-wagon/f1tenth_ws/object_detection/launch/install/setup.bash'
[47.646s] INFO:colcon.colcon_core.shell:Creating prefix script '/home/doof-wagon/f1tenth_ws/object_detection/launch/install/local_setup.zsh'
[47.650s] INFO:colcon.colcon_core.shell:Creating prefix chain script '/home/doof-wagon/f1tenth_ws/object_detection/launch/install/setup.zsh'
