2024-03-31 11:57:46,478 - INFO - !!!!!!!START!!!!!!!
2024-03-31 11:58:32,275 - DEBUG - tensor([3.4869e-01, 3.1544e+02, 5.0446e+02, 4.7994e+02], device='cuda:0')
2024-03-31 11:58:32,321 - DEBUG - BBOX: (tensor(0.3487, device='cuda:0'), tensor(315.4384, device='cuda:0')), (tensor(504.4554, device='cuda:0'), tensor(479.9394, device='cuda:0'))
2024-03-31 11:58:32,322 - DEBUG - center point:252, 397
2024-03-31 11:58:32,430 - INFO - depth_point_in_meters_camera_coords is:0.13702747605741025
2024-03-31 11:58:32,656 - DEBUG - None
2024-03-31 11:58:32,657 - INFO - boxes is None! no detections
2024-03-31 11:58:32,808 - DEBUG - None
2024-03-31 11:58:32,809 - INFO - boxes is None! no detections
2024-03-31 11:58:32,946 - DEBUG - None
2024-03-31 11:58:32,946 - INFO - boxes is None! no detections
2024-03-31 11:58:33,078 - DEBUG - None
2024-03-31 11:58:33,079 - INFO - boxes is None! no detections
2024-03-31 11:58:33,212 - DEBUG - None
2024-03-31 11:58:33,213 - INFO - boxes is None! no detections
2024-03-31 11:58:33,338 - DEBUG - None
2024-03-31 11:58:33,339 - INFO - boxes is None! no detections
2024-03-31 11:58:33,464 - DEBUG - None
2024-03-31 11:58:33,464 - INFO - boxes is None! no detections
2024-03-31 11:58:33,579 - DEBUG - None
2024-03-31 11:58:33,580 - INFO - boxes is None! no detections
2024-03-31 11:58:33,688 - DEBUG - None
2024-03-31 11:58:33,688 - INFO - boxes is None! no detections
2024-03-31 11:58:33,806 - DEBUG - tensor([  0.5488, 342.1187, 522.6855, 479.9673], device='cuda:0')
2024-03-31 11:58:33,832 - DEBUG - BBOX: (tensor(0.5488, device='cuda:0'), tensor(342.1187, device='cuda:0')), (tensor(522.6855, device='cuda:0'), tensor(479.9673, device='cuda:0'))
2024-03-31 11:58:33,834 - DEBUG - center point:261, 411
2024-03-31 11:58:33,936 - INFO - depth_point_in_meters_camera_coords is:0.1406577211866776
2024-03-31 11:58:34,100 - DEBUG - tensor([  0.0000, 325.6136, 465.1653, 479.9704], device='cuda:0')
2024-03-31 11:58:34,119 - DEBUG - BBOX: (tensor(0., device='cuda:0'), tensor(325.6136, device='cuda:0')), (tensor(465.1653, device='cuda:0'), tensor(479.9704, device='cuda:0'))
2024-03-31 11:58:34,120 - DEBUG - center point:232, 402
2024-03-31 11:58:34,205 - INFO - depth_point_in_meters_camera_coords is:0.1467603752265374
2024-03-31 11:58:34,344 - DEBUG - tensor([  0.7103, 306.8304, 476.4008, 479.9059], device='cuda:0')
2024-03-31 11:58:34,366 - DEBUG - BBOX: (tensor(0.7103, device='cuda:0'), tensor(306.8304, device='cuda:0')), (tensor(476.4008, device='cuda:0'), tensor(479.9059, device='cuda:0'))
2024-03-31 11:58:34,368 - DEBUG - center point:238, 393
2024-03-31 11:58:34,457 - INFO - depth_point_in_meters_camera_coords is:0.07549811437726021
2024-03-31 11:58:34,596 - DEBUG - None
2024-03-31 11:58:34,597 - INFO - boxes is None! no detections
2024-03-31 11:58:34,705 - DEBUG - None
2024-03-31 11:58:34,706 - INFO - boxes is None! no detections
2024-03-31 11:58:34,827 - DEBUG - None
2024-03-31 11:58:34,827 - INFO - boxes is None! no detections
2024-03-31 11:58:34,940 - DEBUG - None
2024-03-31 11:58:34,941 - INFO - boxes is None! no detections
2024-03-31 11:58:35,047 - DEBUG - None
2024-03-31 11:58:35,048 - INFO - boxes is None! no detections
2024-03-31 11:58:35,157 - DEBUG - None
2024-03-31 11:58:35,157 - INFO - boxes is None! no detections
2024-03-31 11:58:35,266 - DEBUG - None
2024-03-31 11:58:35,266 - INFO - boxes is None! no detections
2024-03-31 11:58:35,376 - DEBUG - None
2024-03-31 11:58:35,377 - INFO - boxes is None! no detections
2024-03-31 11:58:35,483 - DEBUG - None
2024-03-31 11:58:35,484 - INFO - boxes is None! no detections
2024-03-31 11:58:35,597 - DEBUG - None
2024-03-31 11:58:35,597 - INFO - boxes is None! no detections
2024-03-31 11:58:35,724 - DEBUG - tensor([ 16.5534,   1.2466, 639.6215, 476.9258], device='cuda:0')
2024-03-31 11:58:35,745 - DEBUG - BBOX: (tensor(16.5534, device='cuda:0'), tensor(1.2466, device='cuda:0')), (tensor(639.6215, device='cuda:0'), tensor(476.9258, device='cuda:0'))
2024-03-31 11:58:35,746 - DEBUG - center point:328, 239
2024-03-31 11:58:35,833 - INFO - depth_point_in_meters_camera_coords is:0.0
2024-03-31 11:58:35,962 - DEBUG - None
2024-03-31 11:58:35,963 - INFO - boxes is None! no detections
2024-03-31 11:58:36,069 - DEBUG - None
2024-03-31 11:58:36,070 - INFO - boxes is None! no detections
2024-03-31 11:58:36,169 - DEBUG - None
2024-03-31 11:58:36,170 - INFO - boxes is None! no detections
2024-03-31 11:58:36,269 - DEBUG - None
2024-03-31 11:58:36,270 - INFO - boxes is None! no detections
2024-03-31 11:58:36,377 - DEBUG - None
2024-03-31 11:58:36,378 - INFO - boxes is None! no detections
2024-03-31 11:58:36,480 - DEBUG - None
2024-03-31 11:58:36,481 - INFO - boxes is None! no detections
2024-03-31 11:58:36,585 - DEBUG - None
2024-03-31 11:58:36,586 - INFO - boxes is None! no detections
2024-03-31 11:58:36,690 - DEBUG - None
2024-03-31 11:58:36,691 - INFO - boxes is None! no detections
2024-03-31 11:58:36,798 - DEBUG - None
2024-03-31 11:58:36,799 - INFO - boxes is None! no detections
2024-03-31 11:58:36,904 - DEBUG - None
2024-03-31 11:58:36,905 - INFO - boxes is None! no detections
2024-03-31 11:58:37,014 - DEBUG - None
2024-03-31 11:58:37,015 - INFO - boxes is None! no detections
2024-03-31 11:58:37,121 - DEBUG - None
2024-03-31 11:58:37,121 - INFO - boxes is None! no detections
2024-03-31 11:58:37,228 - DEBUG - None
2024-03-31 11:58:37,228 - INFO - boxes is None! no detections
2024-03-31 11:58:37,333 - DEBUG - None
2024-03-31 11:58:37,334 - INFO - boxes is None! no detections
2024-03-31 11:58:37,435 - DEBUG - None
2024-03-31 11:58:37,436 - INFO - boxes is None! no detections
2024-03-31 11:58:37,546 - DEBUG - tensor([294.2459, 128.1122, 461.8740, 256.8127], device='cuda:0')
2024-03-31 11:58:37,569 - DEBUG - BBOX: (tensor(294.2459, device='cuda:0'), tensor(128.1122, device='cuda:0')), (tensor(461.8740, device='cuda:0'), tensor(256.8127, device='cuda:0'))
2024-03-31 11:58:37,571 - DEBUG - center point:378, 192
2024-03-31 11:58:37,659 - INFO - depth_point_in_meters_camera_coords is:0.1382631203904748
2024-03-31 11:58:37,790 - DEBUG - None
2024-03-31 11:58:37,791 - INFO - boxes is None! no detections
2024-03-31 11:58:37,894 - DEBUG - None
2024-03-31 11:58:37,894 - INFO - boxes is None! no detections
2024-03-31 11:58:37,996 - DEBUG - None
2024-03-31 11:58:37,997 - INFO - boxes is None! no detections
2024-03-31 11:58:38,099 - DEBUG - None
2024-03-31 11:58:38,100 - INFO - boxes is None! no detections
2024-03-31 11:58:38,200 - DEBUG - None
2024-03-31 11:58:38,200 - INFO - boxes is None! no detections
2024-03-31 11:58:38,300 - DEBUG - None
2024-03-31 11:58:38,300 - INFO - boxes is None! no detections
2024-03-31 11:58:38,402 - DEBUG - None
2024-03-31 11:58:38,403 - INFO - boxes is None! no detections
2024-03-31 11:58:38,500 - DEBUG - None
2024-03-31 11:58:38,501 - INFO - boxes is None! no detections
2024-03-31 11:58:38,598 - DEBUG - None
2024-03-31 11:58:38,599 - INFO - boxes is None! no detections
2024-03-31 11:58:38,717 - DEBUG - tensor([259.7034, 143.7560, 452.1255, 313.2325], device='cuda:0')
2024-03-31 11:58:38,739 - DEBUG - BBOX: (tensor(259.7034, device='cuda:0'), tensor(143.7560, device='cuda:0')), (tensor(452.1255, device='cuda:0'), tensor(313.2325, device='cuda:0'))
2024-03-31 11:58:38,740 - DEBUG - center point:355, 228
2024-03-31 11:58:38,825 - INFO - depth_point_in_meters_camera_coords is:0.1289927482791245
2024-03-31 11:58:38,960 - DEBUG - None
2024-03-31 11:58:38,961 - INFO - boxes is None! no detections
2024-03-31 11:58:39,068 - DEBUG - None
2024-03-31 11:58:39,069 - INFO - boxes is None! no detections
2024-03-31 11:58:39,173 - DEBUG - None
2024-03-31 11:58:39,173 - INFO - boxes is None! no detections
2024-03-31 11:58:39,292 - DEBUG - tensor([141.7620, 126.7527, 505.4495, 383.8409], device='cuda:0')
2024-03-31 11:58:39,312 - DEBUG - BBOX: (tensor(141.7620, device='cuda:0'), tensor(126.7527, device='cuda:0')), (tensor(505.4495, device='cuda:0'), tensor(383.8409, device='cuda:0'))
2024-03-31 11:58:39,313 - DEBUG - center point:323, 255
2024-03-31 11:58:39,402 - INFO - depth_point_in_meters_camera_coords is:0.12341762926545925
2024-03-31 11:58:39,544 - DEBUG - None
2024-03-31 11:58:39,545 - INFO - boxes is None! no detections
2024-03-31 11:58:39,662 - DEBUG - None
2024-03-31 11:58:39,663 - INFO - boxes is None! no detections
2024-03-31 11:58:39,786 - DEBUG - tensor([194.4691, 129.4741, 419.1827, 334.0320], device='cuda:0')
2024-03-31 11:58:39,810 - DEBUG - BBOX: (tensor(194.4691, device='cuda:0'), tensor(129.4741, device='cuda:0')), (tensor(419.1827, device='cuda:0'), tensor(334.0320, device='cuda:0'))
2024-03-31 11:58:39,812 - DEBUG - center point:306, 231
2024-03-31 11:58:39,901 - INFO - depth_point_in_meters_camera_coords is:0.05081613655512532
2024-03-31 11:58:40,037 - DEBUG - None
2024-03-31 11:58:40,037 - INFO - boxes is None! no detections
2024-03-31 11:58:40,145 - DEBUG - None
2024-03-31 11:58:40,146 - INFO - boxes is None! no detections
2024-03-31 11:58:40,262 - DEBUG - None
2024-03-31 11:58:40,263 - INFO - boxes is None! no detections
2024-03-31 11:58:40,373 - DEBUG - None
2024-03-31 11:58:40,374 - INFO - boxes is None! no detections
2024-03-31 11:58:40,491 - DEBUG - None
2024-03-31 11:58:40,491 - INFO - boxes is None! no detections
2024-03-31 11:58:40,603 - DEBUG - None
2024-03-31 11:58:40,604 - INFO - boxes is None! no detections
2024-03-31 11:58:40,711 - DEBUG - None
2024-03-31 11:58:40,711 - INFO - boxes is None! no detections
2024-03-31 11:58:40,827 - DEBUG - None
2024-03-31 11:58:40,827 - INFO - boxes is None! no detections
2024-03-31 11:58:40,943 - DEBUG - None
2024-03-31 11:58:40,943 - INFO - boxes is None! no detections
2024-03-31 11:58:41,059 - DEBUG - None
2024-03-31 11:58:41,059 - INFO - boxes is None! no detections
2024-03-31 11:58:41,163 - DEBUG - None
2024-03-31 11:58:41,164 - INFO - boxes is None! no detections
2024-03-31 11:58:41,268 - DEBUG - None
2024-03-31 11:58:41,269 - INFO - boxes is None! no detections
2024-03-31 11:58:41,369 - DEBUG - None
2024-03-31 11:58:41,369 - INFO - boxes is None! no detections
2024-03-31 11:58:41,473 - DEBUG - None
2024-03-31 11:58:41,473 - INFO - boxes is None! no detections
2024-03-31 11:58:41,575 - DEBUG - None
2024-03-31 11:58:41,575 - INFO - boxes is None! no detections
2024-03-31 11:58:41,672 - DEBUG - None
2024-03-31 11:58:41,673 - INFO - boxes is None! no detections
2024-03-31 11:58:41,771 - DEBUG - None
2024-03-31 11:58:41,772 - INFO - boxes is None! no detections
2024-03-31 11:58:41,869 - DEBUG - None
2024-03-31 11:58:41,869 - INFO - boxes is None! no detections
2024-03-31 11:58:41,969 - DEBUG - None
2024-03-31 11:58:41,969 - INFO - boxes is None! no detections
2024-03-31 11:58:42,085 - DEBUG - tensor([200.3469, 107.0593, 500.6280, 410.4155], device='cuda:0')
2024-03-31 11:58:42,112 - DEBUG - BBOX: (tensor(200.3469, device='cuda:0'), tensor(107.0593, device='cuda:0')), (tensor(500.6280, device='cuda:0'), tensor(410.4155, device='cuda:0'))
2024-03-31 11:58:42,113 - DEBUG - center point:350, 258
2024-03-31 11:58:42,209 - INFO - depth_point_in_meters_camera_coords is:0.05347359923335413
2024-03-31 11:58:42,345 - DEBUG - None
2024-03-31 11:58:42,346 - INFO - boxes is None! no detections
2024-03-31 11:58:42,458 - DEBUG - None
2024-03-31 11:58:42,458 - INFO - boxes is None! no detections
2024-03-31 11:58:42,572 - DEBUG - None
2024-03-31 11:58:42,573 - INFO - boxes is None! no detections
2024-03-31 11:58:42,684 - DEBUG - None
2024-03-31 11:58:42,685 - INFO - boxes is None! no detections
2024-03-31 11:58:42,798 - DEBUG - None
2024-03-31 11:58:42,798 - INFO - boxes is None! no detections
2024-03-31 11:58:42,907 - DEBUG - None
2024-03-31 11:58:42,908 - INFO - boxes is None! no detections
2024-03-31 11:58:43,019 - DEBUG - None
2024-03-31 11:58:43,019 - INFO - boxes is None! no detections
2024-03-31 11:58:43,140 - DEBUG - tensor([254.1215, 102.7126, 414.1621, 228.4844], device='cuda:0')
2024-03-31 11:58:43,165 - DEBUG - BBOX: (tensor(254.1215, device='cuda:0'), tensor(102.7126, device='cuda:0')), (tensor(414.1621, device='cuda:0'), tensor(228.4844, device='cuda:0'))
2024-03-31 11:58:43,166 - DEBUG - center point:334, 165
2024-03-31 11:58:43,265 - INFO - depth_point_in_meters_camera_coords is:0.02256436748158497
2024-03-31 11:58:43,393 - DEBUG - None
2024-03-31 11:58:43,394 - INFO - boxes is None! no detections
2024-03-31 11:58:43,497 - DEBUG - None
2024-03-31 11:58:43,497 - INFO - boxes is None! no detections
2024-03-31 11:58:43,598 - DEBUG - None
2024-03-31 11:58:43,599 - INFO - boxes is None! no detections
2024-03-31 11:58:43,709 - DEBUG - tensor([242.6203, 143.1238, 398.0941, 228.5434], device='cuda:0')
2024-03-31 11:58:43,730 - DEBUG - BBOX: (tensor(242.6203, device='cuda:0'), tensor(143.1238, device='cuda:0')), (tensor(398.0941, device='cuda:0'), tensor(228.5434, device='cuda:0'))
2024-03-31 11:58:43,731 - DEBUG - center point:320, 185
2024-03-31 11:58:43,820 - INFO - depth_point_in_meters_camera_coords is:0.10665455587984374
2024-03-31 11:58:43,942 - DEBUG - None
2024-03-31 11:58:43,942 - INFO - boxes is None! no detections
2024-03-31 11:58:44,052 - DEBUG - None
2024-03-31 11:58:44,053 - INFO - boxes is None! no detections
2024-03-31 11:58:44,156 - DEBUG - None
2024-03-31 11:58:44,157 - INFO - boxes is None! no detections
2024-03-31 11:58:44,257 - DEBUG - None
2024-03-31 11:58:44,257 - INFO - boxes is None! no detections
2024-03-31 11:58:44,359 - DEBUG - None
2024-03-31 11:58:44,359 - INFO - boxes is None! no detections
2024-03-31 11:58:44,470 - DEBUG - tensor([233.6024, 132.4790, 389.3979, 250.8638], device='cuda:0')
2024-03-31 11:58:44,493 - DEBUG - BBOX: (tensor(233.6024, device='cuda:0'), tensor(132.4790, device='cuda:0')), (tensor(389.3979, device='cuda:0'), tensor(250.8638, device='cuda:0'))
2024-03-31 11:58:44,494 - DEBUG - center point:311, 191
2024-03-31 11:58:44,580 - INFO - depth_point_in_meters_camera_coords is:0.060364957867811125
2024-03-31 11:58:44,699 - DEBUG - None
2024-03-31 11:58:44,700 - INFO - boxes is None! no detections
2024-03-31 11:58:44,801 - DEBUG - None
2024-03-31 11:58:44,802 - INFO - boxes is None! no detections
2024-03-31 11:58:44,923 - DEBUG - tensor([218.2143, 130.2942, 387.3124, 248.5772], device='cuda:0')
2024-03-31 11:58:44,946 - DEBUG - BBOX: (tensor(218.2143, device='cuda:0'), tensor(130.2942, device='cuda:0')), (tensor(387.3124, device='cuda:0'), tensor(248.5772, device='cuda:0'))
2024-03-31 11:58:44,947 - DEBUG - center point:302, 189
2024-03-31 11:58:45,043 - INFO - depth_point_in_meters_camera_coords is:0.08648681407173475
2024-03-31 11:58:45,180 - DEBUG - tensor([227.3070, 129.2250, 386.9211, 249.0649], device='cuda:0')
2024-03-31 11:58:45,206 - DEBUG - BBOX: (tensor(227.3070, device='cuda:0'), tensor(129.2250, device='cuda:0')), (tensor(386.9211, device='cuda:0'), tensor(249.0649, device='cuda:0'))
2024-03-31 11:58:45,207 - DEBUG - center point:307, 189
2024-03-31 11:58:45,303 - INFO - depth_point_in_meters_camera_coords is:0.09913237083082398
2024-03-31 11:58:45,431 - DEBUG - None
2024-03-31 11:58:45,431 - INFO - boxes is None! no detections
2024-03-31 11:58:45,546 - DEBUG - None
2024-03-31 11:58:45,546 - INFO - boxes is None! no detections
2024-03-31 11:58:45,671 - DEBUG - tensor([268.0023, 138.8773, 393.5751, 247.3417], device='cuda:0')
2024-03-31 11:58:45,696 - DEBUG - BBOX: (tensor(268.0023, device='cuda:0'), tensor(138.8773, device='cuda:0')), (tensor(393.5751, device='cuda:0'), tensor(247.3417, device='cuda:0'))
2024-03-31 11:58:45,697 - DEBUG - center point:330, 193
2024-03-31 11:58:45,792 - INFO - depth_point_in_meters_camera_coords is:0.15795376058944385
2024-03-31 11:58:45,932 - DEBUG - tensor([100.3319, 209.0652, 337.1623, 333.6540], device='cuda:0')
2024-03-31 11:58:45,953 - DEBUG - BBOX: (tensor(100.3319, device='cuda:0'), tensor(209.0652, device='cuda:0')), (tensor(337.1623, device='cuda:0'), tensor(333.6540, device='cuda:0'))
2024-03-31 11:58:45,954 - DEBUG - center point:218, 271
2024-03-31 11:58:46,044 - INFO - depth_point_in_meters_camera_coords is:0.1136304172500968
2024-03-31 11:58:46,177 - DEBUG - None
2024-03-31 11:58:46,177 - INFO - boxes is None! no detections
2024-03-31 11:58:46,283 - DEBUG - None
2024-03-31 11:58:46,284 - INFO - boxes is None! no detections
2024-03-31 11:58:46,396 - DEBUG - None
2024-03-31 11:58:46,397 - INFO - boxes is None! no detections
2024-03-31 11:58:46,507 - DEBUG - None
2024-03-31 11:58:46,508 - INFO - boxes is None! no detections
2024-03-31 11:58:46,616 - DEBUG - None
2024-03-31 11:58:46,616 - INFO - boxes is None! no detections
2024-03-31 11:58:46,725 - DEBUG - None
2024-03-31 11:58:46,725 - INFO - boxes is None! no detections
2024-03-31 11:58:46,849 - DEBUG - None
2024-03-31 11:58:46,849 - INFO - boxes is None! no detections
