2024-03-31 12:23:12,748 - INFO - !!!!!!!START!!!!!!!
2024-03-31 12:23:51,226 - DEBUG - tensor([282.6313, 346.0057, 363.7875, 432.0333], device='cuda:0')
2024-03-31 12:23:51,265 - DEBUG - BBOX: (tensor(282.6313, device='cuda:0'), tensor(346.0057, device='cuda:0')), (tensor(363.7875, device='cuda:0'), tensor(432.0333, device='cuda:0'))
2024-03-31 12:23:51,266 - DEBUG - center point:323, 389
2024-03-31 12:23:51,361 - INFO - depth_point_in_meters_camera_coords is:0.7253137603060653
2024-03-31 12:23:51,581 - DEBUG - tensor([282.6066, 345.8568, 363.7009, 432.0977], device='cuda:0')
2024-03-31 12:23:51,601 - DEBUG - BBOX: (tensor(282.6066, device='cuda:0'), tensor(345.8568, device='cuda:0')), (tensor(363.7009, device='cuda:0'), tensor(432.0977, device='cuda:0'))
2024-03-31 12:23:51,602 - DEBUG - center point:323, 388
2024-03-31 12:23:51,701 - INFO - depth_point_in_meters_camera_coords is:0.7286232633407538
2024-03-31 12:23:51,876 - DEBUG - tensor([282.6553, 345.7375, 363.7753, 431.8433], device='cuda:0')
2024-03-31 12:23:51,900 - DEBUG - BBOX: (tensor(282.6553, device='cuda:0'), tensor(345.7375, device='cuda:0')), (tensor(363.7753, device='cuda:0'), tensor(431.8433, device='cuda:0'))
2024-03-31 12:23:51,902 - DEBUG - center point:323, 388
2024-03-31 12:23:52,001 - INFO - depth_point_in_meters_camera_coords is:0.7262968527106568
2024-03-31 12:23:52,159 - DEBUG - tensor([282.6454, 345.7143, 363.7114, 432.1104], device='cuda:0')
2024-03-31 12:23:52,186 - DEBUG - BBOX: (tensor(282.6454, device='cuda:0'), tensor(345.7143, device='cuda:0')), (tensor(363.7114, device='cuda:0'), tensor(432.1104, device='cuda:0'))
2024-03-31 12:23:52,187 - DEBUG - center point:323, 388
2024-03-31 12:23:52,285 - INFO - depth_point_in_meters_camera_coords is:0.7254865012302374
2024-03-31 12:23:52,433 - DEBUG - tensor([282.6893, 345.8932, 363.7856, 431.6359], device='cuda:0')
2024-03-31 12:23:52,462 - DEBUG - BBOX: (tensor(282.6893, device='cuda:0'), tensor(345.8932, device='cuda:0')), (tensor(363.7856, device='cuda:0'), tensor(431.6359, device='cuda:0'))
2024-03-31 12:23:52,464 - DEBUG - center point:323, 388
2024-03-31 12:23:52,560 - INFO - depth_point_in_meters_camera_coords is:0.7268758523402115
2024-03-31 12:23:52,702 - DEBUG - tensor([282.6487, 345.8450, 363.8006, 431.8674], device='cuda:0')
2024-03-31 12:23:52,730 - DEBUG - BBOX: (tensor(282.6487, device='cuda:0'), tensor(345.8450, device='cuda:0')), (tensor(363.8006, device='cuda:0'), tensor(431.8674, device='cuda:0'))
2024-03-31 12:23:52,731 - DEBUG - center point:323, 388
2024-03-31 12:23:52,818 - INFO - depth_point_in_meters_camera_coords is:0.7270462279968585
2024-03-31 12:23:52,954 - DEBUG - tensor([282.6083, 345.8055, 363.8194, 432.1255], device='cuda:0')
2024-03-31 12:23:52,981 - DEBUG - BBOX: (tensor(282.6083, device='cuda:0'), tensor(345.8055, device='cuda:0')), (tensor(363.8194, device='cuda:0'), tensor(432.1255, device='cuda:0'))
2024-03-31 12:23:52,982 - DEBUG - center point:323, 388
2024-03-31 12:23:53,070 - INFO - depth_point_in_meters_camera_coords is:0.7266656334667156
2024-03-31 12:23:53,196 - DEBUG - tensor([282.6744, 345.9500, 363.8058, 431.9914], device='cuda:0')
2024-03-31 12:23:53,220 - DEBUG - BBOX: (tensor(282.6744, device='cuda:0'), tensor(345.9500, device='cuda:0')), (tensor(363.8058, device='cuda:0'), tensor(431.9914, device='cuda:0'))
2024-03-31 12:23:53,221 - DEBUG - center point:323, 388
2024-03-31 12:23:53,325 - INFO - depth_point_in_meters_camera_coords is:0.7261523540768151
2024-03-31 12:23:53,468 - DEBUG - tensor([282.7038, 345.8630, 363.6772, 431.9573], device='cuda:0')
2024-03-31 12:23:53,495 - DEBUG - BBOX: (tensor(282.7038, device='cuda:0'), tensor(345.8630, device='cuda:0')), (tensor(363.6772, device='cuda:0'), tensor(431.9573, device='cuda:0'))
2024-03-31 12:23:53,496 - DEBUG - center point:323, 388
2024-03-31 12:23:53,592 - INFO - depth_point_in_meters_camera_coords is:0.7273964780662209
2024-03-31 12:23:53,737 - DEBUG - tensor([282.6393, 345.8452, 363.7170, 431.8451], device='cuda:0')
2024-03-31 12:23:53,763 - DEBUG - BBOX: (tensor(282.6393, device='cuda:0'), tensor(345.8452, device='cuda:0')), (tensor(363.7170, device='cuda:0'), tensor(431.8451, device='cuda:0'))
2024-03-31 12:23:53,765 - DEBUG - center point:323, 388
2024-03-31 12:23:53,859 - INFO - depth_point_in_meters_camera_coords is:0.7272290619757648
2024-03-31 12:23:54,001 - DEBUG - tensor([282.6851, 345.7457, 363.8569, 431.6318], device='cuda:0')
2024-03-31 12:23:54,028 - DEBUG - BBOX: (tensor(282.6851, device='cuda:0'), tensor(345.7457, device='cuda:0')), (tensor(363.8569, device='cuda:0'), tensor(431.6318, device='cuda:0'))
2024-03-31 12:23:54,029 - DEBUG - center point:323, 388
2024-03-31 12:23:54,123 - INFO - depth_point_in_meters_camera_coords is:0.7275382139875243
2024-03-31 12:23:54,254 - DEBUG - tensor([282.6371, 345.7327, 363.7496, 431.7380], device='cuda:0')
2024-03-31 12:23:54,283 - DEBUG - BBOX: (tensor(282.6371, device='cuda:0'), tensor(345.7327, device='cuda:0')), (tensor(363.7496, device='cuda:0'), tensor(431.7380, device='cuda:0'))
2024-03-31 12:23:54,284 - DEBUG - center point:323, 388
2024-03-31 12:23:54,366 - INFO - depth_point_in_meters_camera_coords is:0.725674822384802
2024-03-31 12:23:54,496 - DEBUG - tensor([282.6937, 345.8021, 363.8869, 431.6599], device='cuda:0')
2024-03-31 12:23:54,522 - DEBUG - BBOX: (tensor(282.6937, device='cuda:0'), tensor(345.8021, device='cuda:0')), (tensor(363.8869, device='cuda:0'), tensor(431.6599, device='cuda:0'))
2024-03-31 12:23:54,523 - DEBUG - center point:323, 388
2024-03-31 12:23:54,606 - INFO - depth_point_in_meters_camera_coords is:0.7271189474252363
2024-03-31 12:23:54,739 - DEBUG - tensor([282.6743, 345.8129, 363.7605, 432.0718], device='cuda:0')
2024-03-31 12:23:54,767 - DEBUG - BBOX: (tensor(282.6743, device='cuda:0'), tensor(345.8129, device='cuda:0')), (tensor(363.7605, device='cuda:0'), tensor(432.0718, device='cuda:0'))
2024-03-31 12:23:54,768 - DEBUG - center point:323, 388
2024-03-31 12:23:54,889 - INFO - depth_point_in_meters_camera_coords is:0.7257036443566903
2024-03-31 12:23:55,038 - DEBUG - tensor([282.5908, 345.8525, 363.6909, 432.0957], device='cuda:0')
2024-03-31 12:23:55,064 - DEBUG - BBOX: (tensor(282.5908, device='cuda:0'), tensor(345.8525, device='cuda:0')), (tensor(363.6909, device='cuda:0'), tensor(432.0957, device='cuda:0'))
2024-03-31 12:23:55,065 - DEBUG - center point:323, 388
2024-03-31 12:23:55,150 - INFO - depth_point_in_meters_camera_coords is:0.7265563139909258
2024-03-31 12:23:55,279 - DEBUG - tensor([282.6924, 345.6854, 363.8293, 431.7366], device='cuda:0')
2024-03-31 12:23:55,302 - DEBUG - BBOX: (tensor(282.6924, device='cuda:0'), tensor(345.6854, device='cuda:0')), (tensor(363.8293, device='cuda:0'), tensor(431.7366, device='cuda:0'))
2024-03-31 12:23:55,303 - DEBUG - center point:323, 388
2024-03-31 12:23:55,391 - INFO - depth_point_in_meters_camera_coords is:0.7274599950791647
2024-03-31 12:23:55,529 - DEBUG - tensor([282.6668, 345.7180, 363.7458, 431.3640], device='cuda:0')
2024-03-31 12:23:55,553 - DEBUG - BBOX: (tensor(282.6668, device='cuda:0'), tensor(345.7180, device='cuda:0')), (tensor(363.7458, device='cuda:0'), tensor(431.3640, device='cuda:0'))
2024-03-31 12:23:55,554 - DEBUG - center point:323, 388
2024-03-31 12:23:55,646 - INFO - depth_point_in_meters_camera_coords is:0.7256714191474021
2024-03-31 12:23:55,784 - DEBUG - tensor([282.6554, 345.7726, 363.7101, 431.6341], device='cuda:0')
2024-03-31 12:23:55,807 - DEBUG - BBOX: (tensor(282.6554, device='cuda:0'), tensor(345.7726, device='cuda:0')), (tensor(363.7101, device='cuda:0'), tensor(431.6341, device='cuda:0'))
2024-03-31 12:23:55,809 - DEBUG - center point:323, 388
2024-03-31 12:23:55,894 - INFO - depth_point_in_meters_camera_coords is:0.7270625580971439
2024-03-31 12:23:56,033 - DEBUG - tensor([282.5825, 345.8479, 363.7866, 432.1132], device='cuda:0')
2024-03-31 12:23:56,058 - DEBUG - BBOX: (tensor(282.5825, device='cuda:0'), tensor(345.8479, device='cuda:0')), (tensor(363.7866, device='cuda:0'), tensor(432.1132, device='cuda:0'))
2024-03-31 12:23:56,060 - DEBUG - center point:323, 388
2024-03-31 12:23:56,144 - INFO - depth_point_in_meters_camera_coords is:0.7263347053248436
2024-03-31 12:23:56,278 - DEBUG - tensor([282.6402, 346.0871, 363.7308, 431.8791], device='cuda:0')
2024-03-31 12:23:56,295 - DEBUG - BBOX: (tensor(282.6402, device='cuda:0'), tensor(346.0871, device='cuda:0')), (tensor(363.7308, device='cuda:0'), tensor(431.8791, device='cuda:0'))
2024-03-31 12:23:56,296 - DEBUG - center point:323, 388
2024-03-31 12:23:56,385 - INFO - depth_point_in_meters_camera_coords is:0.7278169935693344
2024-03-31 12:23:56,516 - DEBUG - tensor([282.5872, 345.8988, 363.6599, 432.1960], device='cuda:0')
2024-03-31 12:23:56,537 - DEBUG - BBOX: (tensor(282.5872, device='cuda:0'), tensor(345.8988, device='cuda:0')), (tensor(363.6599, device='cuda:0'), tensor(432.1960, device='cuda:0'))
2024-03-31 12:23:56,538 - DEBUG - center point:323, 389
2024-03-31 12:23:56,624 - INFO - depth_point_in_meters_camera_coords is:0.724264888932618
2024-03-31 12:23:56,760 - DEBUG - tensor([282.5967, 345.8389, 363.7979, 432.2856], device='cuda:0')
2024-03-31 12:23:56,784 - DEBUG - BBOX: (tensor(282.5967, device='cuda:0'), tensor(345.8389, device='cuda:0')), (tensor(363.7979, device='cuda:0'), tensor(432.2856, device='cuda:0'))
2024-03-31 12:23:56,785 - DEBUG - center point:323, 389
2024-03-31 12:23:56,866 - INFO - depth_point_in_meters_camera_coords is:0.7256535743378724
2024-03-31 12:23:57,003 - DEBUG - tensor([282.5779, 346.0190, 363.9659, 432.5234], device='cuda:0')
2024-03-31 12:23:57,031 - DEBUG - BBOX: (tensor(282.5779, device='cuda:0'), tensor(346.0190, device='cuda:0')), (tensor(363.9659, device='cuda:0'), tensor(432.5234, device='cuda:0'))
2024-03-31 12:23:57,032 - DEBUG - center point:323, 389
2024-03-31 12:23:57,122 - INFO - depth_point_in_meters_camera_coords is:0.7267262586501116
2024-03-31 12:23:57,264 - DEBUG - tensor([282.6160, 346.1708, 363.7389, 432.9311], device='cuda:0')
2024-03-31 12:23:57,289 - DEBUG - BBOX: (tensor(282.6160, device='cuda:0'), tensor(346.1708, device='cuda:0')), (tensor(363.7389, device='cuda:0'), tensor(432.9311, device='cuda:0'))
2024-03-31 12:23:57,290 - DEBUG - center point:323, 389
2024-03-31 12:23:57,382 - INFO - depth_point_in_meters_camera_coords is:0.7256601860762263
2024-03-31 12:23:57,527 - DEBUG - tensor([282.5663, 346.0327, 363.9429, 432.5190], device='cuda:0')
2024-03-31 12:23:57,553 - DEBUG - BBOX: (tensor(282.5663, device='cuda:0'), tensor(346.0327, device='cuda:0')), (tensor(363.9429, device='cuda:0'), tensor(432.5190, device='cuda:0'))
2024-03-31 12:23:57,554 - DEBUG - center point:323, 389
2024-03-31 12:23:57,649 - INFO - depth_point_in_meters_camera_coords is:0.7254420861570785
2024-03-31 12:23:57,789 - DEBUG - tensor([282.5577, 345.9335, 363.9650, 432.7603], device='cuda:0')
2024-03-31 12:23:57,813 - DEBUG - BBOX: (tensor(282.5577, device='cuda:0'), tensor(345.9335, device='cuda:0')), (tensor(363.9650, device='cuda:0'), tensor(432.7603, device='cuda:0'))
2024-03-31 12:23:57,814 - DEBUG - center point:323, 389
2024-03-31 12:23:57,905 - INFO - depth_point_in_meters_camera_coords is:0.7241703240247443
2024-03-31 12:23:58,041 - DEBUG - tensor([282.7074, 346.0325, 363.8844, 432.8392], device='cuda:0')
2024-03-31 12:23:58,067 - DEBUG - BBOX: (tensor(282.7074, device='cuda:0'), tensor(346.0325, device='cuda:0')), (tensor(363.8844, device='cuda:0'), tensor(432.8392, device='cuda:0'))
2024-03-31 12:23:58,069 - DEBUG - center point:323, 389
2024-03-31 12:23:58,154 - INFO - depth_point_in_meters_camera_coords is:0.7261041452627008
2024-03-31 12:23:58,297 - DEBUG - tensor([283.2831, 346.0150, 363.8649, 432.7954], device='cuda:0')
2024-03-31 12:23:58,320 - DEBUG - BBOX: (tensor(283.2831, device='cuda:0'), tensor(346.0150, device='cuda:0')), (tensor(363.8649, device='cuda:0'), tensor(432.7954, device='cuda:0'))
2024-03-31 12:23:58,321 - DEBUG - center point:323, 389
2024-03-31 12:23:58,402 - INFO - depth_point_in_meters_camera_coords is:0.7276183574010308
2024-03-31 12:23:58,539 - DEBUG - tensor([312.1096, 346.5990, 362.8845, 432.2901], device='cuda:0')
2024-03-31 12:23:58,563 - DEBUG - BBOX: (tensor(312.1096, device='cuda:0'), tensor(346.5990, device='cuda:0')), (tensor(362.8845, device='cuda:0'), tensor(432.2901, device='cuda:0'))
2024-03-31 12:23:58,564 - DEBUG - center point:337, 389
2024-03-31 12:23:58,645 - INFO - depth_point_in_meters_camera_coords is:0.5346773130881289
2024-03-31 12:23:58,778 - DEBUG - None
2024-03-31 12:23:58,779 - INFO - boxes is None! no detections
2024-03-31 12:23:58,908 - DEBUG - None
2024-03-31 12:23:58,909 - INFO - boxes is None! no detections
2024-03-31 12:23:59,034 - DEBUG - tensor([282.5668, 345.9311, 338.6041, 425.5746], device='cuda:0')
2024-03-31 12:23:59,054 - DEBUG - BBOX: (tensor(282.5668, device='cuda:0'), tensor(345.9311, device='cuda:0')), (tensor(338.6041, device='cuda:0'), tensor(425.5746, device='cuda:0'))
2024-03-31 12:23:59,055 - DEBUG - center point:310, 385
2024-03-31 12:23:59,149 - INFO - depth_point_in_meters_camera_coords is:0.7191696180527409
2024-03-31 12:23:59,295 - DEBUG - tensor([282.4409, 345.9542, 364.1819, 431.8572], device='cuda:0')
2024-03-31 12:23:59,319 - DEBUG - BBOX: (tensor(282.4409, device='cuda:0'), tensor(345.9542, device='cuda:0')), (tensor(364.1819, device='cuda:0'), tensor(431.8572, device='cuda:0'))
2024-03-31 12:23:59,320 - DEBUG - center point:323, 388
2024-03-31 12:23:59,403 - INFO - depth_point_in_meters_camera_coords is:0.7268989693031956
2024-03-31 12:23:59,553 - DEBUG - tensor([282.5044, 345.9639, 363.8643, 432.0742], device='cuda:0')
2024-03-31 12:23:59,579 - DEBUG - BBOX: (tensor(282.5044, device='cuda:0'), tensor(345.9639, device='cuda:0')), (tensor(363.8643, device='cuda:0'), tensor(432.0742, device='cuda:0'))
2024-03-31 12:23:59,580 - DEBUG - center point:323, 389
2024-03-31 12:23:59,685 - INFO - depth_point_in_meters_camera_coords is:0.725950721744448
2024-03-31 12:23:59,820 - DEBUG - tensor([282.5986, 345.9223, 363.7766, 432.0801], device='cuda:0')
2024-03-31 12:23:59,845 - DEBUG - BBOX: (tensor(282.5986, device='cuda:0'), tensor(345.9223, device='cuda:0')), (tensor(363.7766, device='cuda:0'), tensor(432.0801, device='cuda:0'))
2024-03-31 12:23:59,847 - DEBUG - center point:323, 389
2024-03-31 12:23:59,927 - INFO - depth_point_in_meters_camera_coords is:0.7251525825246548
2024-03-31 12:24:00,077 - DEBUG - tensor([282.6005, 345.8521, 363.9127, 431.9735], device='cuda:0')
2024-03-31 12:24:00,099 - DEBUG - BBOX: (tensor(282.6005, device='cuda:0'), tensor(345.8521, device='cuda:0')), (tensor(363.9127, device='cuda:0'), tensor(431.9735, device='cuda:0'))
2024-03-31 12:24:00,100 - DEBUG - center point:323, 388
2024-03-31 12:24:00,183 - INFO - depth_point_in_meters_camera_coords is:0.725638105783922
2024-03-31 12:24:00,329 - DEBUG - tensor([282.6516, 345.8820, 363.8438, 432.1829], device='cuda:0')
2024-03-31 12:24:00,353 - DEBUG - BBOX: (tensor(282.6516, device='cuda:0'), tensor(345.8820, device='cuda:0')), (tensor(363.8438, device='cuda:0'), tensor(432.1829, device='cuda:0'))
2024-03-31 12:24:00,355 - DEBUG - center point:323, 389
2024-03-31 12:24:00,442 - INFO - depth_point_in_meters_camera_coords is:0.7245153450686485
2024-03-31 12:24:00,579 - DEBUG - tensor([282.5440, 345.2047, 363.7529, 431.2188], device='cuda:0')
2024-03-31 12:24:00,600 - DEBUG - BBOX: (tensor(282.5440, device='cuda:0'), tensor(345.2047, device='cuda:0')), (tensor(363.7529, device='cuda:0'), tensor(431.2188, device='cuda:0'))
2024-03-31 12:24:00,601 - DEBUG - center point:323, 388
2024-03-31 12:24:00,691 - INFO - depth_point_in_meters_camera_coords is:0.7263220143085346
2024-03-31 12:24:00,832 - DEBUG - tensor([282.6257, 345.7156, 363.8400, 432.0170], device='cuda:0')
2024-03-31 12:24:00,857 - DEBUG - BBOX: (tensor(282.6257, device='cuda:0'), tensor(345.7156, device='cuda:0')), (tensor(363.8400, device='cuda:0'), tensor(432.0170, device='cuda:0'))
2024-03-31 12:24:00,858 - DEBUG - center point:323, 388
2024-03-31 12:24:00,948 - INFO - depth_point_in_meters_camera_coords is:0.7266948475766306
2024-03-31 12:24:01,076 - DEBUG - tensor([282.6016, 346.0156, 364.0619, 432.0100], device='cuda:0')
2024-03-31 12:24:01,099 - DEBUG - BBOX: (tensor(282.6016, device='cuda:0'), tensor(346.0156, device='cuda:0')), (tensor(364.0619, device='cuda:0'), tensor(432.0100, device='cuda:0'))
2024-03-31 12:24:01,101 - DEBUG - center point:323, 389
2024-03-31 12:24:01,184 - INFO - depth_point_in_meters_camera_coords is:0.7242039254168049
2024-03-31 12:24:01,313 - DEBUG - tensor([282.5735, 345.7972, 364.0312, 431.9540], device='cuda:0')
2024-03-31 12:24:01,333 - DEBUG - BBOX: (tensor(282.5735, device='cuda:0'), tensor(345.7972, device='cuda:0')), (tensor(364.0312, device='cuda:0'), tensor(431.9540, device='cuda:0'))
2024-03-31 12:24:01,334 - DEBUG - center point:323, 388
2024-03-31 12:24:01,415 - INFO - depth_point_in_meters_camera_coords is:0.7264470041139672
2024-03-31 12:24:01,550 - DEBUG - tensor([282.3747, 346.0091, 363.9123, 431.7990], device='cuda:0')
2024-03-31 12:24:01,569 - DEBUG - BBOX: (tensor(282.3747, device='cuda:0'), tensor(346.0091, device='cuda:0')), (tensor(363.9123, device='cuda:0'), tensor(431.7990, device='cuda:0'))
2024-03-31 12:24:01,569 - DEBUG - center point:323, 388
2024-03-31 12:24:01,653 - INFO - depth_point_in_meters_camera_coords is:0.7263640298523629
2024-03-31 12:24:01,795 - DEBUG - tensor([282.5777, 345.9102, 363.9067, 431.7733], device='cuda:0')
2024-03-31 12:24:01,817 - DEBUG - BBOX: (tensor(282.5777, device='cuda:0'), tensor(345.9102, device='cuda:0')), (tensor(363.9067, device='cuda:0'), tensor(431.7733, device='cuda:0'))
2024-03-31 12:24:01,818 - DEBUG - center point:323, 388
2024-03-31 12:24:01,897 - INFO - depth_point_in_meters_camera_coords is:0.7266989983400951
2024-03-31 12:24:02,029 - DEBUG - tensor([282.6951, 345.9590, 364.1815, 431.7729], device='cuda:0')
2024-03-31 12:24:02,051 - DEBUG - BBOX: (tensor(282.6951, device='cuda:0'), tensor(345.9590, device='cuda:0')), (tensor(364.1815, device='cuda:0'), tensor(431.7729, device='cuda:0'))
2024-03-31 12:24:02,052 - DEBUG - center point:323, 388
2024-03-31 12:24:02,135 - INFO - depth_point_in_meters_camera_coords is:0.7276152484553555
2024-03-31 12:24:02,265 - DEBUG - tensor([282.5894, 346.3079, 364.3439, 430.9387], device='cuda:0')
2024-03-31 12:24:02,286 - DEBUG - BBOX: (tensor(282.5894, device='cuda:0'), tensor(346.3079, device='cuda:0')), (tensor(364.3439, device='cuda:0'), tensor(430.9387, device='cuda:0'))
2024-03-31 12:24:02,287 - DEBUG - center point:323, 388
2024-03-31 12:24:02,376 - INFO - depth_point_in_meters_camera_coords is:0.7273614202129344
2024-03-31 12:24:02,508 - DEBUG - tensor([282.5560, 346.0869, 364.5988, 431.2441], device='cuda:0')
2024-03-31 12:24:02,529 - DEBUG - BBOX: (tensor(282.5560, device='cuda:0'), tensor(346.0869, device='cuda:0')), (tensor(364.5988, device='cuda:0'), tensor(431.2441, device='cuda:0'))
2024-03-31 12:24:02,530 - DEBUG - center point:323, 388
2024-03-31 12:24:02,622 - INFO - depth_point_in_meters_camera_coords is:0.7289694083792468
2024-03-31 12:24:02,756 - DEBUG - tensor([282.7535, 349.3447, 363.9798, 430.1660], device='cuda:0')
2024-03-31 12:24:02,778 - DEBUG - BBOX: (tensor(282.7535, device='cuda:0'), tensor(349.3447, device='cuda:0')), (tensor(363.9798, device='cuda:0'), tensor(430.1660, device='cuda:0'))
2024-03-31 12:24:02,780 - DEBUG - center point:323, 389
2024-03-31 12:24:02,862 - INFO - depth_point_in_meters_camera_coords is:0.7180811041298633
2024-03-31 12:24:02,990 - DEBUG - None
2024-03-31 12:24:02,990 - INFO - boxes is None! no detections
2024-03-31 12:24:03,109 - DEBUG - None
2024-03-31 12:24:03,110 - INFO - boxes is None! no detections
2024-03-31 12:24:03,225 - DEBUG - None
2024-03-31 12:24:03,226 - INFO - boxes is None! no detections
2024-03-31 12:24:03,350 - DEBUG - None
2024-03-31 12:24:03,350 - INFO - boxes is None! no detections
2024-03-31 12:24:03,479 - DEBUG - None
2024-03-31 12:24:03,480 - INFO - boxes is None! no detections
2024-03-31 12:24:03,616 - DEBUG - tensor([282.3347, 331.7335, 362.2141, 418.6984], device='cuda:0')
2024-03-31 12:24:03,637 - DEBUG - BBOX: (tensor(282.3347, device='cuda:0'), tensor(331.7335, device='cuda:0')), (tensor(362.2141, device='cuda:0'), tensor(418.6984, device='cuda:0'))
2024-03-31 12:24:03,639 - DEBUG - center point:322, 375
2024-03-31 12:24:03,728 - INFO - depth_point_in_meters_camera_coords is:0.5431263189793875
2024-03-31 12:24:03,867 - DEBUG - tensor([279.5817, 299.3161, 362.8055, 379.3920], device='cuda:0')
2024-03-31 12:24:03,890 - DEBUG - BBOX: (tensor(279.5817, device='cuda:0'), tensor(299.3161, device='cuda:0')), (tensor(362.8055, device='cuda:0'), tensor(379.3920, device='cuda:0'))
2024-03-31 12:24:03,892 - DEBUG - center point:321, 339
2024-03-31 12:24:03,983 - INFO - depth_point_in_meters_camera_coords is:0.490909462319687
2024-03-31 12:24:04,128 - DEBUG - tensor([279.4286, 259.9975, 364.5958, 339.5482], device='cuda:0')
2024-03-31 12:24:04,152 - DEBUG - BBOX: (tensor(279.4286, device='cuda:0'), tensor(259.9975, device='cuda:0')), (tensor(364.5958, device='cuda:0'), tensor(339.5482, device='cuda:0'))
2024-03-31 12:24:04,153 - DEBUG - center point:322, 299
2024-03-31 12:24:04,238 - INFO - depth_point_in_meters_camera_coords is:0.5328061837128674
2024-03-31 12:24:04,367 - DEBUG - tensor([285.4432, 232.8524, 370.2416, 302.0456], device='cuda:0')
2024-03-31 12:24:04,386 - DEBUG - BBOX: (tensor(285.4432, device='cuda:0'), tensor(232.8524, device='cuda:0')), (tensor(370.2416, device='cuda:0'), tensor(302.0456, device='cuda:0'))
2024-03-31 12:24:04,388 - DEBUG - center point:327, 267
2024-03-31 12:24:04,469 - INFO - depth_point_in_meters_camera_coords is:0.49173323469551783
2024-03-31 12:24:04,592 - DEBUG - None
2024-03-31 12:24:04,593 - INFO - boxes is None! no detections
2024-03-31 12:24:04,716 - DEBUG - None
2024-03-31 12:24:04,717 - INFO - boxes is None! no detections
2024-03-31 12:24:04,831 - DEBUG - None
2024-03-31 12:24:04,831 - INFO - boxes is None! no detections
2024-03-31 12:24:04,948 - DEBUG - None
2024-03-31 12:24:04,948 - INFO - boxes is None! no detections
2024-03-31 12:24:05,077 - DEBUG - None
2024-03-31 12:24:05,077 - INFO - boxes is None! no detections
2024-03-31 12:24:05,199 - DEBUG - None
2024-03-31 12:24:05,200 - INFO - boxes is None! no detections
2024-03-31 12:24:05,326 - DEBUG - None
2024-03-31 12:24:05,326 - INFO - boxes is None! no detections
2024-03-31 12:24:05,449 - DEBUG - None
2024-03-31 12:24:05,449 - INFO - boxes is None! no detections
2024-03-31 12:24:05,575 - DEBUG - None
2024-03-31 12:24:05,576 - INFO - boxes is None! no detections
2024-03-31 12:24:05,696 - DEBUG - None
2024-03-31 12:24:05,697 - INFO - boxes is None! no detections
2024-03-31 12:24:05,812 - DEBUG - None
2024-03-31 12:24:05,813 - INFO - boxes is None! no detections
2024-03-31 12:24:05,925 - DEBUG - None
2024-03-31 12:24:05,925 - INFO - boxes is None! no detections
2024-03-31 12:24:06,036 - DEBUG - None
2024-03-31 12:24:06,036 - INFO - boxes is None! no detections
2024-03-31 12:24:06,152 - DEBUG - None
2024-03-31 12:24:06,153 - INFO - boxes is None! no detections
2024-03-31 12:24:06,282 - DEBUG - None
2024-03-31 12:24:06,282 - INFO - boxes is None! no detections
2024-03-31 12:24:06,409 - DEBUG - None
2024-03-31 12:24:06,409 - INFO - boxes is None! no detections
2024-03-31 12:24:06,522 - DEBUG - None
2024-03-31 12:24:06,523 - INFO - boxes is None! no detections
2024-03-31 12:24:06,633 - DEBUG - None
2024-03-31 12:24:06,634 - INFO - boxes is None! no detections
2024-03-31 12:24:06,760 - DEBUG - None
2024-03-31 12:24:06,761 - INFO - boxes is None! no detections
2024-03-31 12:24:06,884 - DEBUG - None
2024-03-31 12:24:06,884 - INFO - boxes is None! no detections
2024-03-31 12:24:07,005 - DEBUG - tensor([311.9222, 223.4652, 393.3403, 363.3402], device='cuda:0')
2024-03-31 12:24:07,027 - DEBUG - BBOX: (tensor(311.9222, device='cuda:0'), tensor(223.4652, device='cuda:0')), (tensor(393.3403, device='cuda:0'), tensor(363.3402, device='cuda:0'))
2024-03-31 12:24:07,029 - DEBUG - center point:352, 293
2024-03-31 12:24:07,126 - INFO - depth_point_in_meters_camera_coords is:0.5813470000276962
2024-03-31 12:24:07,256 - DEBUG - tensor([311.9435, 233.5171, 394.2595, 368.9695], device='cuda:0')
2024-03-31 12:24:07,276 - DEBUG - BBOX: (tensor(311.9435, device='cuda:0'), tensor(233.5171, device='cuda:0')), (tensor(394.2595, device='cuda:0'), tensor(368.9695, device='cuda:0'))
2024-03-31 12:24:07,277 - DEBUG - center point:353, 301
2024-03-31 12:24:07,358 - INFO - depth_point_in_meters_camera_coords is:0.5952314434200525
2024-03-31 12:24:07,480 - DEBUG - tensor([305.7062, 328.9923, 389.7248, 370.2342], device='cuda:0')
2024-03-31 12:24:07,507 - DEBUG - BBOX: (tensor(305.7062, device='cuda:0'), tensor(328.9923, device='cuda:0')), (tensor(389.7248, device='cuda:0'), tensor(370.2342, device='cuda:0'))
2024-03-31 12:24:07,508 - DEBUG - center point:347, 349
2024-03-31 12:24:07,594 - INFO - depth_point_in_meters_camera_coords is:0.596476133565108
2024-03-31 12:24:07,718 - DEBUG - tensor([302.6583, 272.7395, 387.0210, 376.0596], device='cuda:0')
2024-03-31 12:24:07,734 - DEBUG - BBOX: (tensor(302.6583, device='cuda:0'), tensor(272.7395, device='cuda:0')), (tensor(387.0210, device='cuda:0'), tensor(376.0596, device='cuda:0'))
2024-03-31 12:24:07,735 - DEBUG - center point:344, 324
2024-03-31 12:24:07,824 - INFO - depth_point_in_meters_camera_coords is:0.6104041758303841
2024-03-31 12:24:07,957 - DEBUG - tensor([302.3074, 300.3432, 387.3913, 391.0090], device='cuda:0')
2024-03-31 12:24:07,983 - DEBUG - BBOX: (tensor(302.3074, device='cuda:0'), tensor(300.3432, device='cuda:0')), (tensor(387.3913, device='cuda:0'), tensor(391.0090, device='cuda:0'))
2024-03-31 12:24:07,984 - DEBUG - center point:344, 345
2024-03-31 12:24:08,063 - INFO - depth_point_in_meters_camera_coords is:0.4848502843330304
2024-03-31 12:24:08,191 - DEBUG - tensor([303.5615, 326.1346, 389.2824, 414.6500], device='cuda:0')
2024-03-31 12:24:08,211 - DEBUG - BBOX: (tensor(303.5615, device='cuda:0'), tensor(326.1346, device='cuda:0')), (tensor(389.2824, device='cuda:0'), tensor(414.6500, device='cuda:0'))
2024-03-31 12:24:08,213 - DEBUG - center point:346, 370
2024-03-31 12:24:08,292 - INFO - depth_point_in_meters_camera_coords is:0.5270025581245621
2024-03-31 12:24:08,419 - DEBUG - tensor([303.4097, 340.5934, 387.3749, 432.7698], device='cuda:0')
2024-03-31 12:24:08,436 - DEBUG - BBOX: (tensor(303.4097, device='cuda:0'), tensor(340.5934, device='cuda:0')), (tensor(387.3749, device='cuda:0'), tensor(432.7698, device='cuda:0'))
2024-03-31 12:24:08,436 - DEBUG - center point:345, 386
2024-03-31 12:24:08,520 - INFO - depth_point_in_meters_camera_coords is:0.45095938329895335
2024-03-31 12:24:08,657 - DEBUG - tensor([301.8014, 349.2090, 385.8472, 452.8785], device='cuda:0')
2024-03-31 12:24:08,683 - DEBUG - BBOX: (tensor(301.8014, device='cuda:0'), tensor(349.2090, device='cuda:0')), (tensor(385.8472, device='cuda:0'), tensor(452.8785, device='cuda:0'))
2024-03-31 12:24:08,685 - DEBUG - center point:343, 401
2024-03-31 12:24:08,772 - INFO - depth_point_in_meters_camera_coords is:0.5206618498762449
2024-03-31 12:24:08,910 - DEBUG - tensor([300.8495, 348.9290, 385.6985, 452.4030], device='cuda:0')
2024-03-31 12:24:08,934 - DEBUG - BBOX: (tensor(300.8495, device='cuda:0'), tensor(348.9290, device='cuda:0')), (tensor(385.6985, device='cuda:0'), tensor(452.4030, device='cuda:0'))
2024-03-31 12:24:08,935 - DEBUG - center point:343, 400
2024-03-31 12:24:09,024 - INFO - depth_point_in_meters_camera_coords is:0.47865516812851033
2024-03-31 12:24:09,168 - DEBUG - tensor([301.1117, 349.8191, 386.9689, 451.6582], device='cuda:0')
2024-03-31 12:24:09,193 - DEBUG - BBOX: (tensor(301.1117, device='cuda:0'), tensor(349.8191, device='cuda:0')), (tensor(386.9689, device='cuda:0'), tensor(451.6582, device='cuda:0'))
2024-03-31 12:24:09,194 - DEBUG - center point:344, 400
2024-03-31 12:24:09,271 - INFO - depth_point_in_meters_camera_coords is:0.7180687275032203
2024-03-31 12:24:09,399 - DEBUG - tensor([306.5508, 345.2047, 392.0948, 446.7052], device='cuda:0')
2024-03-31 12:24:09,423 - DEBUG - BBOX: (tensor(306.5508, device='cuda:0'), tensor(345.2047, device='cuda:0')), (tensor(392.0948, device='cuda:0'), tensor(446.7052, device='cuda:0'))
2024-03-31 12:24:09,424 - DEBUG - center point:349, 395
2024-03-31 12:24:09,501 - INFO - depth_point_in_meters_camera_coords is:0.733155796105663
2024-03-31 12:24:09,623 - DEBUG - tensor([309.8385, 344.8989, 391.7048, 437.7458], device='cuda:0')
2024-03-31 12:24:09,641 - DEBUG - BBOX: (tensor(309.8385, device='cuda:0'), tensor(344.8989, device='cuda:0')), (tensor(391.7048, device='cuda:0'), tensor(437.7458, device='cuda:0'))
2024-03-31 12:24:09,642 - DEBUG - center point:350, 391
2024-03-31 12:24:09,729 - INFO - depth_point_in_meters_camera_coords is:0.7487957647442818
2024-03-31 12:24:09,858 - DEBUG - tensor([309.7398, 347.9891, 387.4276, 433.9142], device='cuda:0')
2024-03-31 12:24:09,876 - DEBUG - BBOX: (tensor(309.7398, device='cuda:0'), tensor(347.9891, device='cuda:0')), (tensor(387.4276, device='cuda:0'), tensor(433.9142, device='cuda:0'))
2024-03-31 12:24:09,877 - DEBUG - center point:348, 390
2024-03-31 12:24:09,961 - INFO - depth_point_in_meters_camera_coords is:0.7533227577805519
2024-03-31 12:24:10,090 - DEBUG - tensor([309.9921, 345.2585, 391.5495, 434.7446], device='cuda:0')
2024-03-31 12:24:10,112 - DEBUG - BBOX: (tensor(309.9921, device='cuda:0'), tensor(345.2585, device='cuda:0')), (tensor(391.5495, device='cuda:0'), tensor(434.7446, device='cuda:0'))
2024-03-31 12:24:10,117 - DEBUG - center point:350, 390
2024-03-31 12:24:10,209 - INFO - depth_point_in_meters_camera_coords is:0.7159344793359439
2024-03-31 12:24:10,341 - DEBUG - tensor([317.1297, 327.9410, 394.1422, 417.6661], device='cuda:0')
2024-03-31 12:24:10,364 - DEBUG - BBOX: (tensor(317.1297, device='cuda:0'), tensor(327.9410, device='cuda:0')), (tensor(394.1422, device='cuda:0'), tensor(417.6661, device='cuda:0'))
2024-03-31 12:24:10,365 - DEBUG - center point:355, 372
2024-03-31 12:24:10,455 - INFO - depth_point_in_meters_camera_coords is:0.5967418567091226
2024-03-31 12:24:10,599 - DEBUG - tensor([320.1829, 313.2646, 396.5743, 398.6550], device='cuda:0')
2024-03-31 12:24:10,624 - DEBUG - BBOX: (tensor(320.1829, device='cuda:0'), tensor(313.2646, device='cuda:0')), (tensor(396.5743, device='cuda:0'), tensor(398.6550, device='cuda:0'))
2024-03-31 12:24:10,625 - DEBUG - center point:358, 355
2024-03-31 12:24:10,712 - INFO - depth_point_in_meters_camera_coords is:0.5528970225652059
2024-03-31 12:24:10,841 - DEBUG - tensor([319.9547, 301.2449, 393.3095, 379.6002], device='cuda:0')
2024-03-31 12:24:10,866 - DEBUG - BBOX: (tensor(319.9547, device='cuda:0'), tensor(301.2449, device='cuda:0')), (tensor(393.3095, device='cuda:0'), tensor(379.6002, device='cuda:0'))
2024-03-31 12:24:10,867 - DEBUG - center point:356, 340
2024-03-31 12:24:10,956 - INFO - depth_point_in_meters_camera_coords is:0.6043734473486742
2024-03-31 12:24:11,095 - DEBUG - tensor([318.2364, 286.2860, 387.0380, 354.3427], device='cuda:0')
2024-03-31 12:24:11,120 - DEBUG - BBOX: (tensor(318.2364, device='cuda:0'), tensor(286.2860, device='cuda:0')), (tensor(387.0380, device='cuda:0'), tensor(354.3427, device='cuda:0'))
2024-03-31 12:24:11,121 - DEBUG - center point:352, 320
2024-03-31 12:24:11,208 - INFO - depth_point_in_meters_camera_coords is:0.7516790991276503
2024-03-31 12:24:11,338 - DEBUG - tensor([310.4174, 279.7505, 374.1120, 334.0495], device='cuda:0')
2024-03-31 12:24:11,359 - DEBUG - BBOX: (tensor(310.4174, device='cuda:0'), tensor(279.7505, device='cuda:0')), (tensor(374.1120, device='cuda:0'), tensor(334.0495, device='cuda:0'))
2024-03-31 12:24:11,360 - DEBUG - center point:342, 306
2024-03-31 12:24:11,439 - INFO - depth_point_in_meters_camera_coords is:0.7463528706133365
2024-03-31 12:24:11,569 - DEBUG - tensor([304.6659, 283.2874, 366.7224, 332.5084], device='cuda:0')
2024-03-31 12:24:11,593 - DEBUG - BBOX: (tensor(304.6659, device='cuda:0'), tensor(283.2874, device='cuda:0')), (tensor(366.7224, device='cuda:0'), tensor(332.5084, device='cuda:0'))
2024-03-31 12:24:11,594 - DEBUG - center point:335, 307
2024-03-31 12:24:11,684 - INFO - depth_point_in_meters_camera_coords is:0.7705379160679877
2024-03-31 12:24:11,818 - DEBUG - tensor([304.4604, 278.7461, 364.0776, 326.7206], device='cuda:0')
2024-03-31 12:24:11,840 - DEBUG - BBOX: (tensor(304.4604, device='cuda:0'), tensor(278.7461, device='cuda:0')), (tensor(364.0776, device='cuda:0'), tensor(326.7206, device='cuda:0'))
2024-03-31 12:24:11,841 - DEBUG - center point:334, 302
2024-03-31 12:24:11,919 - INFO - depth_point_in_meters_camera_coords is:0.7975430186279118
2024-03-31 12:24:12,051 - DEBUG - tensor([305.1292, 277.8226, 361.9933, 320.2632], device='cuda:0')
2024-03-31 12:24:12,069 - DEBUG - BBOX: (tensor(305.1292, device='cuda:0'), tensor(277.8226, device='cuda:0')), (tensor(361.9933, device='cuda:0'), tensor(320.2632, device='cuda:0'))
2024-03-31 12:24:12,070 - DEBUG - center point:333, 299
2024-03-31 12:24:12,157 - INFO - depth_point_in_meters_camera_coords is:0.8289225122431041
2024-03-31 12:24:12,277 - DEBUG - None
2024-03-31 12:24:12,277 - INFO - boxes is None! no detections
2024-03-31 12:24:12,394 - DEBUG - None
2024-03-31 12:24:12,395 - INFO - boxes is None! no detections
2024-03-31 12:24:12,520 - DEBUG - tensor([312.0778, 278.4956, 361.4735, 327.5902], device='cuda:0')
2024-03-31 12:24:12,538 - DEBUG - BBOX: (tensor(312.0778, device='cuda:0'), tensor(278.4956, device='cuda:0')), (tensor(361.4735, device='cuda:0'), tensor(327.5902, device='cuda:0'))
2024-03-31 12:24:12,540 - DEBUG - center point:336, 303
2024-03-31 12:24:12,623 - INFO - depth_point_in_meters_camera_coords is:0.9533947424466411
2024-03-31 12:24:12,754 - DEBUG - tensor([310.9478, 297.1676, 360.3948, 337.8204], device='cuda:0')
2024-03-31 12:24:12,777 - DEBUG - BBOX: (tensor(310.9478, device='cuda:0'), tensor(297.1676, device='cuda:0')), (tensor(360.3948, device='cuda:0'), tensor(337.8204, device='cuda:0'))
2024-03-31 12:24:12,778 - DEBUG - center point:335, 317
2024-03-31 12:24:12,856 - INFO - depth_point_in_meters_camera_coords is:0.9747619787231088
2024-03-31 12:24:12,994 - DEBUG - tensor([310.0374, 284.8344, 365.5429, 337.9988], device='cuda:0')
2024-03-31 12:24:13,014 - DEBUG - BBOX: (tensor(310.0374, device='cuda:0'), tensor(284.8344, device='cuda:0')), (tensor(365.5429, device='cuda:0'), tensor(337.9988, device='cuda:0'))
2024-03-31 12:24:13,017 - DEBUG - center point:337, 311
2024-03-31 12:24:13,098 - INFO - depth_point_in_meters_camera_coords is:1.0113414423602323
2024-03-31 12:24:13,226 - DEBUG - tensor([310.2045, 295.7411, 360.4240, 338.3299], device='cuda:0')
2024-03-31 12:24:13,252 - DEBUG - BBOX: (tensor(310.2045, device='cuda:0'), tensor(295.7411, device='cuda:0')), (tensor(360.4240, device='cuda:0'), tensor(338.3299, device='cuda:0'))
2024-03-31 12:24:13,253 - DEBUG - center point:335, 317
2024-03-31 12:24:13,333 - INFO - depth_point_in_meters_camera_coords is:1.0059262470218042
2024-03-31 12:24:13,461 - DEBUG - tensor([310.2045, 295.5136, 360.5181, 338.2952], device='cuda:0')
2024-03-31 12:24:13,487 - DEBUG - BBOX: (tensor(310.2045, device='cuda:0'), tensor(295.5136, device='cuda:0')), (tensor(360.5181, device='cuda:0'), tensor(338.2952, device='cuda:0'))
2024-03-31 12:24:13,488 - DEBUG - center point:335, 316
2024-03-31 12:24:13,568 - INFO - depth_point_in_meters_camera_coords is:1.010196560220793
2024-03-31 12:24:13,691 - DEBUG - tensor([310.1205, 295.6589, 360.2184, 338.4335], device='cuda:0')
2024-03-31 12:24:13,708 - DEBUG - BBOX: (tensor(310.1205, device='cuda:0'), tensor(295.6589, device='cuda:0')), (tensor(360.2184, device='cuda:0'), tensor(338.4335, device='cuda:0'))
2024-03-31 12:24:13,711 - DEBUG - center point:335, 317
2024-03-31 12:24:13,792 - INFO - depth_point_in_meters_camera_coords is:1.0083691790886222
2024-03-31 12:24:13,912 - DEBUG - tensor([310.1980, 295.6491, 360.3638, 338.4153], device='cuda:0')
2024-03-31 12:24:13,934 - DEBUG - BBOX: (tensor(310.1980, device='cuda:0'), tensor(295.6491, device='cuda:0')), (tensor(360.3638, device='cuda:0'), tensor(338.4153, device='cuda:0'))
2024-03-31 12:24:13,935 - DEBUG - center point:335, 317
2024-03-31 12:24:14,013 - INFO - depth_point_in_meters_camera_coords is:1.0088058108619105
2024-03-31 12:24:14,142 - DEBUG - tensor([310.1210, 295.6229, 360.3234, 338.4348], device='cuda:0')
2024-03-31 12:24:14,168 - DEBUG - BBOX: (tensor(310.1210, device='cuda:0'), tensor(295.6229, device='cuda:0')), (tensor(360.3234, device='cuda:0'), tensor(338.4348, device='cuda:0'))
2024-03-31 12:24:14,169 - DEBUG - center point:335, 317
2024-03-31 12:24:14,249 - INFO - depth_point_in_meters_camera_coords is:1.0088400975707918
2024-03-31 12:24:14,370 - DEBUG - tensor([310.1909, 295.7043, 360.2989, 338.3428], device='cuda:0')
2024-03-31 12:24:14,392 - DEBUG - BBOX: (tensor(310.1909, device='cuda:0'), tensor(295.7043, device='cuda:0')), (tensor(360.2989, device='cuda:0'), tensor(338.3428, device='cuda:0'))
2024-03-31 12:24:14,393 - DEBUG - center point:335, 317
2024-03-31 12:24:14,471 - INFO - depth_point_in_meters_camera_coords is:1.00473187725991
2024-03-31 12:24:14,600 - DEBUG - tensor([310.1477, 287.6655, 361.6772, 338.5046], device='cuda:0')
2024-03-31 12:24:14,624 - DEBUG - BBOX: (tensor(310.1477, device='cuda:0'), tensor(287.6655, device='cuda:0')), (tensor(361.6772, device='cuda:0'), tensor(338.5046, device='cuda:0'))
2024-03-31 12:24:14,626 - DEBUG - center point:335, 313
2024-03-31 12:24:14,709 - INFO - depth_point_in_meters_camera_coords is:1.0163984481866162
2024-03-31 12:24:14,837 - DEBUG - tensor([310.1945, 289.1505, 360.2233, 339.2413], device='cuda:0')
2024-03-31 12:24:14,861 - DEBUG - BBOX: (tensor(310.1945, device='cuda:0'), tensor(289.1505, device='cuda:0')), (tensor(360.2233, device='cuda:0'), tensor(339.2413, device='cuda:0'))
2024-03-31 12:24:14,862 - DEBUG - center point:335, 314
2024-03-31 12:24:14,949 - INFO - depth_point_in_meters_camera_coords is:0.9975934314665695
2024-03-31 12:24:15,079 - DEBUG - tensor([309.5595, 292.3094, 359.9722, 337.4721], device='cuda:0')
2024-03-31 12:24:15,101 - DEBUG - BBOX: (tensor(309.5595, device='cuda:0'), tensor(292.3094, device='cuda:0')), (tensor(359.9722, device='cuda:0'), tensor(337.4721, device='cuda:0'))
2024-03-31 12:24:15,102 - DEBUG - center point:334, 314
2024-03-31 12:24:15,182 - INFO - depth_point_in_meters_camera_coords is:0.9786431029252708
2024-03-31 12:24:15,310 - DEBUG - tensor([304.5847, 289.7675, 356.8636, 337.1809], device='cuda:0')
2024-03-31 12:24:15,331 - DEBUG - BBOX: (tensor(304.5847, device='cuda:0'), tensor(289.7675, device='cuda:0')), (tensor(356.8636, device='cuda:0'), tensor(337.1809, device='cuda:0'))
2024-03-31 12:24:15,332 - DEBUG - center point:330, 313
2024-03-31 12:24:15,417 - INFO - depth_point_in_meters_camera_coords is:0.9783622493146686
2024-03-31 12:24:15,541 - DEBUG - tensor([303.4319, 293.3530, 357.3934, 338.1967], device='cuda:0')
2024-03-31 12:24:15,564 - DEBUG - BBOX: (tensor(303.4319, device='cuda:0'), tensor(293.3530, device='cuda:0')), (tensor(357.3934, device='cuda:0'), tensor(338.1967, device='cuda:0'))
2024-03-31 12:24:15,565 - DEBUG - center point:330, 315
2024-03-31 12:24:15,645 - INFO - depth_point_in_meters_camera_coords is:0.9962620313254107
2024-03-31 12:24:15,768 - DEBUG - tensor([303.5735, 294.7467, 357.8157, 337.6298], device='cuda:0')
2024-03-31 12:24:15,789 - DEBUG - BBOX: (tensor(303.5735, device='cuda:0'), tensor(294.7467, device='cuda:0')), (tensor(357.8157, device='cuda:0'), tensor(337.6298, device='cuda:0'))
2024-03-31 12:24:15,790 - DEBUG - center point:330, 316
2024-03-31 12:24:15,869 - INFO - depth_point_in_meters_camera_coords is:0.9948053636023542
2024-03-31 12:24:15,997 - DEBUG - tensor([303.3801, 295.2762, 357.7600, 337.7906], device='cuda:0')
2024-03-31 12:24:16,018 - DEBUG - BBOX: (tensor(303.3801, device='cuda:0'), tensor(295.2762, device='cuda:0')), (tensor(357.7600, device='cuda:0'), tensor(337.7906, device='cuda:0'))
2024-03-31 12:24:16,019 - DEBUG - center point:330, 316
2024-03-31 12:24:16,097 - INFO - depth_point_in_meters_camera_coords is:0.9963198809723447
2024-03-31 12:24:16,215 - DEBUG - tensor([303.5349, 295.2568, 357.7357, 337.6685], device='cuda:0')
2024-03-31 12:24:16,242 - DEBUG - BBOX: (tensor(303.5349, device='cuda:0'), tensor(295.2568, device='cuda:0')), (tensor(357.7357, device='cuda:0'), tensor(337.6685, device='cuda:0'))
2024-03-31 12:24:16,244 - DEBUG - center point:330, 316
2024-03-31 12:24:16,337 - INFO - depth_point_in_meters_camera_coords is:0.9973935716817505
2024-03-31 12:24:16,458 - DEBUG - tensor([303.2795, 295.3414, 358.0588, 337.6286], device='cuda:0')
2024-03-31 12:24:16,476 - DEBUG - BBOX: (tensor(303.2795, device='cuda:0'), tensor(295.3414, device='cuda:0')), (tensor(358.0588, device='cuda:0'), tensor(337.6286, device='cuda:0'))
2024-03-31 12:24:16,478 - DEBUG - center point:330, 316
2024-03-31 12:24:16,558 - INFO - depth_point_in_meters_camera_coords is:0.9990620852313199
2024-03-31 12:24:16,680 - DEBUG - tensor([303.3398, 293.4808, 357.6193, 337.6744], device='cuda:0')
2024-03-31 12:24:16,699 - DEBUG - BBOX: (tensor(303.3398, device='cuda:0'), tensor(293.4808, device='cuda:0')), (tensor(357.6193, device='cuda:0'), tensor(337.6744, device='cuda:0'))
2024-03-31 12:24:16,702 - DEBUG - center point:330, 315
2024-03-31 12:24:16,781 - INFO - depth_point_in_meters_camera_coords is:0.9814195168327812
2024-03-31 12:24:16,906 - DEBUG - tensor([303.2150, 292.7808, 357.5240, 338.0909], device='cuda:0')
2024-03-31 12:24:16,931 - DEBUG - BBOX: (tensor(303.2150, device='cuda:0'), tensor(292.7808, device='cuda:0')), (tensor(357.5240, device='cuda:0'), tensor(338.0909, device='cuda:0'))
2024-03-31 12:24:16,932 - DEBUG - center point:330, 315
2024-03-31 12:24:17,023 - INFO - depth_point_in_meters_camera_coords is:0.9755406052520266
2024-03-31 12:24:17,152 - DEBUG - tensor([302.4704, 285.9640, 357.0134, 336.4497], device='cuda:0')
2024-03-31 12:24:17,174 - DEBUG - BBOX: (tensor(302.4704, device='cuda:0'), tensor(285.9640, device='cuda:0')), (tensor(357.0134, device='cuda:0'), tensor(336.4497, device='cuda:0'))
2024-03-31 12:24:17,175 - DEBUG - center point:329, 311
2024-03-31 12:24:17,265 - INFO - depth_point_in_meters_camera_coords is:0.97730437696989
2024-03-31 12:24:17,390 - DEBUG - tensor([301.2191, 282.5182, 355.2989, 333.4793], device='cuda:0')
2024-03-31 12:24:17,407 - DEBUG - BBOX: (tensor(301.2191, device='cuda:0'), tensor(282.5182, device='cuda:0')), (tensor(355.2989, device='cuda:0'), tensor(333.4793, device='cuda:0'))
2024-03-31 12:24:17,408 - DEBUG - center point:328, 307
2024-03-31 12:24:17,496 - INFO - depth_point_in_meters_camera_coords is:0.9607593465300549
2024-03-31 12:24:17,638 - DEBUG - tensor([302.6537, 284.2538, 356.8016, 334.0005], device='cuda:0')
2024-03-31 12:24:17,661 - DEBUG - BBOX: (tensor(302.6537, device='cuda:0'), tensor(284.2538, device='cuda:0')), (tensor(356.8016, device='cuda:0'), tensor(334.0005, device='cuda:0'))
2024-03-31 12:24:17,663 - DEBUG - center point:329, 309
2024-03-31 12:24:17,749 - INFO - depth_point_in_meters_camera_coords is:0.9621654441862484
2024-03-31 12:24:17,883 - DEBUG - tensor([304.0490, 288.4114, 359.4751, 337.7749], device='cuda:0')
2024-03-31 12:24:17,908 - DEBUG - BBOX: (tensor(304.0490, device='cuda:0'), tensor(288.4114, device='cuda:0')), (tensor(359.4751, device='cuda:0'), tensor(337.7749, device='cuda:0'))
2024-03-31 12:24:17,909 - DEBUG - center point:331, 313
2024-03-31 12:24:17,997 - INFO - depth_point_in_meters_camera_coords is:0.9812263608683134
2024-03-31 12:24:18,128 - DEBUG - tensor([304.3429, 295.1943, 359.9034, 338.2954], device='cuda:0')
2024-03-31 12:24:18,150 - DEBUG - BBOX: (tensor(304.3429, device='cuda:0'), tensor(295.1943, device='cuda:0')), (tensor(359.9034, device='cuda:0'), tensor(338.2954, device='cuda:0'))
2024-03-31 12:24:18,153 - DEBUG - center point:332, 316
2024-03-31 12:24:18,239 - INFO - depth_point_in_meters_camera_coords is:0.9940609657161985
2024-03-31 12:24:18,377 - DEBUG - tensor([304.2791, 295.4639, 360.1288, 337.9940], device='cuda:0')
2024-03-31 12:24:18,400 - DEBUG - BBOX: (tensor(304.2791, device='cuda:0'), tensor(295.4639, device='cuda:0')), (tensor(360.1288, device='cuda:0'), tensor(337.9940, device='cuda:0'))
2024-03-31 12:24:18,402 - DEBUG - center point:332, 316
2024-03-31 12:24:18,486 - INFO - depth_point_in_meters_camera_coords is:0.9978943154408868
2024-03-31 12:24:18,605 - DEBUG - tensor([304.1609, 295.5324, 360.1744, 337.9443], device='cuda:0')
2024-03-31 12:24:18,626 - DEBUG - BBOX: (tensor(304.1609, device='cuda:0'), tensor(295.5324, device='cuda:0')), (tensor(360.1744, device='cuda:0'), tensor(337.9443, device='cuda:0'))
2024-03-31 12:24:18,627 - DEBUG - center point:332, 316
2024-03-31 12:24:18,705 - INFO - depth_point_in_meters_camera_coords is:0.9999568068948186
2024-03-31 12:24:18,830 - DEBUG - tensor([304.2216, 295.4733, 360.0566, 338.1288], device='cuda:0')
2024-03-31 12:24:18,852 - DEBUG - BBOX: (tensor(304.2216, device='cuda:0'), tensor(295.4733, device='cuda:0')), (tensor(360.0566, device='cuda:0'), tensor(338.1288, device='cuda:0'))
2024-03-31 12:24:18,853 - DEBUG - center point:332, 316
2024-03-31 12:24:18,934 - INFO - depth_point_in_meters_camera_coords is:1.0011356164809937
2024-03-31 12:24:19,070 - DEBUG - tensor([304.1925, 295.4536, 360.0773, 337.9850], device='cuda:0')
2024-03-31 12:24:19,093 - DEBUG - BBOX: (tensor(304.1925, device='cuda:0'), tensor(295.4536, device='cuda:0')), (tensor(360.0773, device='cuda:0'), tensor(337.9850, device='cuda:0'))
2024-03-31 12:24:19,095 - DEBUG - center point:332, 316
2024-03-31 12:24:19,184 - INFO - depth_point_in_meters_camera_coords is:0.9989137409562439
2024-03-31 12:24:19,312 - DEBUG - tensor([304.2401, 295.4846, 360.1020, 338.0483], device='cuda:0')
2024-03-31 12:24:19,342 - DEBUG - BBOX: (tensor(304.2401, device='cuda:0'), tensor(295.4846, device='cuda:0')), (tensor(360.1020, device='cuda:0'), tensor(338.0483, device='cuda:0'))
2024-03-31 12:24:19,343 - DEBUG - center point:332, 316
2024-03-31 12:24:19,436 - INFO - depth_point_in_meters_camera_coords is:0.9994426071894122
2024-03-31 12:24:19,566 - DEBUG - tensor([304.2994, 288.4397, 360.0525, 337.7395], device='cuda:0')
2024-03-31 12:24:19,590 - DEBUG - BBOX: (tensor(304.2994, device='cuda:0'), tensor(288.4397, device='cuda:0')), (tensor(360.0525, device='cuda:0'), tensor(337.7395, device='cuda:0'))
2024-03-31 12:24:19,591 - DEBUG - center point:332, 313
2024-03-31 12:24:19,677 - INFO - depth_point_in_meters_camera_coords is:1.0009263646861655
2024-03-31 12:24:19,808 - DEBUG - tensor([303.9523, 289.8704, 359.4359, 337.4520], device='cuda:0')
2024-03-31 12:24:19,833 - DEBUG - BBOX: (tensor(303.9523, device='cuda:0'), tensor(289.8704, device='cuda:0')), (tensor(359.4359, device='cuda:0'), tensor(337.4520, device='cuda:0'))
2024-03-31 12:24:19,834 - DEBUG - center point:331, 313
2024-03-31 12:24:19,919 - INFO - depth_point_in_meters_camera_coords is:0.9806443963756707
2024-03-31 12:24:20,046 - DEBUG - tensor([307.0104, 279.7376, 358.4348, 328.3724], device='cuda:0')
2024-03-31 12:24:20,069 - DEBUG - BBOX: (tensor(307.0104, device='cuda:0'), tensor(279.7376, device='cuda:0')), (tensor(358.4348, device='cuda:0'), tensor(328.3724, device='cuda:0'))
2024-03-31 12:24:20,070 - DEBUG - center point:332, 304
2024-03-31 12:24:20,157 - INFO - depth_point_in_meters_camera_coords is:0.965682042397093
2024-03-31 12:24:20,292 - DEBUG - None
2024-03-31 12:24:20,293 - INFO - boxes is None! no detections
2024-03-31 12:24:20,417 - DEBUG - None
2024-03-31 12:24:20,418 - INFO - boxes is None! no detections
2024-03-31 12:24:20,535 - DEBUG - None
2024-03-31 12:24:20,537 - INFO - boxes is None! no detections
2024-03-31 12:24:20,660 - DEBUG - None
2024-03-31 12:24:20,661 - INFO - boxes is None! no detections
2024-03-31 12:24:20,781 - DEBUG - None
2024-03-31 12:24:20,782 - INFO - boxes is None! no detections
2024-03-31 12:24:20,899 - DEBUG - None
2024-03-31 12:24:20,900 - INFO - boxes is None! no detections
2024-03-31 12:24:21,023 - DEBUG - None
2024-03-31 12:24:21,024 - INFO - boxes is None! no detections
2024-03-31 12:24:21,143 - DEBUG - None
2024-03-31 12:24:21,144 - INFO - boxes is None! no detections
2024-03-31 12:24:21,264 - DEBUG - None
2024-03-31 12:24:21,265 - INFO - boxes is None! no detections
2024-03-31 12:24:21,393 - DEBUG - None
2024-03-31 12:24:21,394 - INFO - boxes is None! no detections
2024-03-31 12:24:21,510 - DEBUG - None
2024-03-31 12:24:21,511 - INFO - boxes is None! no detections
2024-03-31 12:24:21,627 - DEBUG - None
2024-03-31 12:24:21,627 - INFO - boxes is None! no detections
2024-03-31 12:24:21,740 - DEBUG - None
2024-03-31 12:24:21,741 - INFO - boxes is None! no detections
2024-03-31 12:24:21,856 - DEBUG - None
2024-03-31 12:24:21,856 - INFO - boxes is None! no detections
2024-03-31 12:24:21,969 - DEBUG - None
2024-03-31 12:24:21,969 - INFO - boxes is None! no detections
2024-03-31 12:24:22,090 - DEBUG - None
2024-03-31 12:24:22,090 - INFO - boxes is None! no detections
2024-03-31 12:24:22,206 - DEBUG - None
2024-03-31 12:24:22,207 - INFO - boxes is None! no detections
2024-03-31 12:24:22,319 - DEBUG - None
2024-03-31 12:24:22,320 - INFO - boxes is None! no detections
2024-03-31 12:24:22,439 - DEBUG - None
2024-03-31 12:24:22,440 - INFO - boxes is None! no detections
2024-03-31 12:24:22,555 - DEBUG - None
2024-03-31 12:24:22,556 - INFO - boxes is None! no detections
2024-03-31 12:24:22,666 - DEBUG - None
2024-03-31 12:24:22,666 - INFO - boxes is None! no detections
2024-03-31 12:24:22,770 - DEBUG - None
2024-03-31 12:24:22,770 - INFO - boxes is None! no detections
2024-03-31 12:24:22,882 - DEBUG - None
2024-03-31 12:24:22,883 - INFO - boxes is None! no detections
2024-03-31 12:24:22,998 - DEBUG - None
2024-03-31 12:24:22,998 - INFO - boxes is None! no detections
2024-03-31 12:24:23,108 - DEBUG - None
2024-03-31 12:24:23,109 - INFO - boxes is None! no detections
2024-03-31 12:24:23,219 - DEBUG - None
2024-03-31 12:24:23,220 - INFO - boxes is None! no detections
2024-03-31 12:24:23,341 - DEBUG - None
2024-03-31 12:24:23,341 - INFO - boxes is None! no detections
2024-03-31 12:24:23,459 - DEBUG - None
2024-03-31 12:24:23,459 - INFO - boxes is None! no detections
2024-03-31 12:24:23,573 - DEBUG - tensor([303.5798, 267.8808, 343.9533, 296.5545], device='cuda:0')
2024-03-31 12:24:23,596 - DEBUG - BBOX: (tensor(303.5798, device='cuda:0'), tensor(267.8808, device='cuda:0')), (tensor(343.9533, device='cuda:0'), tensor(296.5545, device='cuda:0'))
2024-03-31 12:24:23,597 - DEBUG - center point:323, 282
2024-03-31 12:24:23,674 - INFO - depth_point_in_meters_camera_coords is:1.2435494976118207
2024-03-31 12:24:23,795 - DEBUG - tensor([303.4846, 268.0225, 343.4636, 296.5608], device='cuda:0')
2024-03-31 12:24:23,812 - DEBUG - BBOX: (tensor(303.4846, device='cuda:0'), tensor(268.0225, device='cuda:0')), (tensor(343.4636, device='cuda:0'), tensor(296.5608, device='cuda:0'))
2024-03-31 12:24:23,814 - DEBUG - center point:323, 282
2024-03-31 12:24:23,904 - INFO - depth_point_in_meters_camera_coords is:1.2414972713962198
2024-03-31 12:24:24,031 - DEBUG - tensor([303.4097, 267.9253, 343.2162, 296.2640], device='cuda:0')
2024-03-31 12:24:24,054 - DEBUG - BBOX: (tensor(303.4097, device='cuda:0'), tensor(267.9253, device='cuda:0')), (tensor(343.2162, device='cuda:0'), tensor(296.2640, device='cuda:0'))
2024-03-31 12:24:24,056 - DEBUG - center point:323, 282
2024-03-31 12:24:24,144 - INFO - depth_point_in_meters_camera_coords is:1.2378517751799276
2024-03-31 12:24:24,276 - DEBUG - tensor([303.5982, 267.8953, 343.2972, 296.4147], device='cuda:0')
2024-03-31 12:24:24,302 - DEBUG - BBOX: (tensor(303.5982, device='cuda:0'), tensor(267.8953, device='cuda:0')), (tensor(343.2972, device='cuda:0'), tensor(296.4147, device='cuda:0'))
2024-03-31 12:24:24,304 - DEBUG - center point:323, 282
2024-03-31 12:24:24,393 - INFO - depth_point_in_meters_camera_coords is:1.242406353863577
2024-03-31 12:24:24,526 - DEBUG - tensor([303.9224, 268.4867, 344.1187, 296.5729], device='cuda:0')
2024-03-31 12:24:24,550 - DEBUG - BBOX: (tensor(303.9224, device='cuda:0'), tensor(268.4867, device='cuda:0')), (tensor(344.1187, device='cuda:0'), tensor(296.5729, device='cuda:0'))
2024-03-31 12:24:24,551 - DEBUG - center point:324, 282
2024-03-31 12:24:24,639 - INFO - depth_point_in_meters_camera_coords is:1.23776433655575
2024-03-31 12:24:24,771 - DEBUG - tensor([303.9213, 268.4864, 344.0226, 296.6748], device='cuda:0')
2024-03-31 12:24:24,796 - DEBUG - BBOX: (tensor(303.9213, device='cuda:0'), tensor(268.4864, device='cuda:0')), (tensor(344.0226, device='cuda:0'), tensor(296.6748, device='cuda:0'))
2024-03-31 12:24:24,797 - DEBUG - center point:323, 282
2024-03-31 12:24:24,874 - INFO - depth_point_in_meters_camera_coords is:1.2399854037041464
2024-03-31 12:24:25,018 - DEBUG - tensor([303.7676, 268.5158, 344.2589, 296.6081], device='cuda:0')
2024-03-31 12:24:25,039 - DEBUG - BBOX: (tensor(303.7676, device='cuda:0'), tensor(268.5158, device='cuda:0')), (tensor(344.2589, device='cuda:0'), tensor(296.6081, device='cuda:0'))
2024-03-31 12:24:25,041 - DEBUG - center point:324, 282
2024-03-31 12:24:25,123 - INFO - depth_point_in_meters_camera_coords is:1.2404418564988495
2024-03-31 12:24:25,250 - DEBUG - tensor([303.8031, 268.4742, 344.3655, 296.6741], device='cuda:0')
2024-03-31 12:24:25,271 - DEBUG - BBOX: (tensor(303.8031, device='cuda:0'), tensor(268.4742, device='cuda:0')), (tensor(344.3655, device='cuda:0'), tensor(296.6741, device='cuda:0'))
2024-03-31 12:24:25,272 - DEBUG - center point:324, 282
2024-03-31 12:24:25,352 - INFO - depth_point_in_meters_camera_coords is:1.24608944347235
2024-03-31 12:24:25,479 - DEBUG - tensor([303.6615, 268.4675, 344.4778, 296.6729], device='cuda:0')
2024-03-31 12:24:25,506 - DEBUG - BBOX: (tensor(303.6615, device='cuda:0'), tensor(268.4675, device='cuda:0')), (tensor(344.4778, device='cuda:0'), tensor(296.6729, device='cuda:0'))
2024-03-31 12:24:25,508 - DEBUG - center point:324, 282
2024-03-31 12:24:25,592 - INFO - depth_point_in_meters_camera_coords is:1.2417527933435244
2024-03-31 12:24:25,709 - DEBUG - tensor([303.9097, 268.5870, 344.3492, 296.6453], device='cuda:0')
2024-03-31 12:24:25,727 - DEBUG - BBOX: (tensor(303.9097, device='cuda:0'), tensor(268.5870, device='cuda:0')), (tensor(344.3492, device='cuda:0'), tensor(296.6453, device='cuda:0'))
2024-03-31 12:24:25,729 - DEBUG - center point:324, 282
2024-03-31 12:24:25,814 - INFO - depth_point_in_meters_camera_coords is:1.2415885375014235
2024-03-31 12:24:25,945 - DEBUG - tensor([303.7082, 268.4948, 344.7212, 296.7875], device='cuda:0')
2024-03-31 12:24:25,970 - DEBUG - BBOX: (tensor(303.7082, device='cuda:0'), tensor(268.4948, device='cuda:0')), (tensor(344.7212, device='cuda:0'), tensor(296.7875, device='cuda:0'))
2024-03-31 12:24:25,971 - DEBUG - center point:324, 282
2024-03-31 12:24:26,058 - INFO - depth_point_in_meters_camera_coords is:1.2423719513140774
