[34.689s] DEBUG:colcon:Command line arguments: ['/usr/bin/colcon', 'build', '--packages-select', 'object_detection']
[34.690s] DEBUG:colcon:Parsed command line arguments: Namespace(allow_overriding=[], ament_cmake_args=None, base_paths=['.'], build_base='build', catkin_cmake_args=None, catkin_skip_building_tests=False, cmake_args=None, cmake_clean_cache=False, cmake_clean_first=False, cmake_force_configure=False, cmake_target=None, cmake_target_skip_unavailable=False, continue_on_error=False, event_handlers=None, executor='parallel', ignore_user_meta=False, install_base='install', log_base=None, log_level=None, main=<bound method BuildVerb.main of <colcon_core.verb.build.BuildVerb object at 0xffffb7c2f490>>, merge_install=False, metas=['./colcon.meta'], packages_above=None, packages_above_and_dependencies=None, packages_above_depth=None, packages_end=None, packages_ignore=None, packages_ignore_regex=None, packages_select=['object_detection'], packages_select_build_failed=False, packages_select_by_dep=None, packages_select_regex=None, packages_select_test_failures=False, packages_skip=None, packages_skip_build_finished=False, packages_skip_by_dep=None, packages_skip_regex=None, packages_skip_test_passed=False, packages_skip_up_to=None, packages_start=None, packages_up_to=None, packages_up_to_regex=None, parallel_workers=4, paths=None, symlink_install=False, test_result_base=None, verb_extension=<colcon_core.verb.build.BuildVerb object at 0xffffb7c2f490>, verb_name='build', verb_parser=<colcon_defaults.argument_parser.defaults.DefaultArgumentsDecorator object at 0xffffb7c2ab80>)
[36.080s] Level 1:colcon.colcon_core.package_discovery:discover_packages(colcon_meta) check parameters
[36.080s] Level 1:colcon.colcon_core.package_discovery:discover_packages(recursive) check parameters
[36.081s] Level 1:colcon.colcon_core.package_discovery:discover_packages(ignore) check parameters
[36.081s] Level 1:colcon.colcon_core.package_discovery:discover_packages(path) check parameters
[36.081s] Level 1:colcon.colcon_core.package_discovery:discover_packages(colcon_meta) discover
[36.081s] Level 1:colcon.colcon_core.package_discovery:discover_packages(recursive) discover
[36.082s] INFO:colcon.colcon_core.package_discovery:Crawling recursively for packages in '/home/doof-wagon/f1tenth_ws/object_detection'
[36.082s] Level 1:colcon.colcon_core.package_identification:_identify(.) by extensions ['ignore', 'ignore_ament_install']
[36.084s] Level 1:colcon.colcon_core.package_identification:_identify(.) by extension 'ignore'
[36.084s] Level 1:colcon.colcon_core.package_identification:_identify(.) by extension 'ignore_ament_install'
[36.084s] Level 1:colcon.colcon_core.package_identification:_identify(.) by extensions ['colcon_pkg']
[36.085s] Level 1:colcon.colcon_core.package_identification:_identify(.) by extension 'colcon_pkg'
[36.085s] Level 1:colcon.colcon_core.package_identification:_identify(.) by extensions ['colcon_meta']
[36.085s] Level 1:colcon.colcon_core.package_identification:_identify(.) by extension 'colcon_meta'
[36.085s] Level 1:colcon.colcon_core.package_identification:_identify(.) by extensions ['ros']
[36.085s] Level 1:colcon.colcon_core.package_identification:_identify(.) by extension 'ros'
[36.177s] DEBUG:colcon.colcon_core.package_identification:Package '.' with type 'ros.ament_python' and name 'object_detection'
[36.177s] Level 1:colcon.colcon_core.package_discovery:discover_packages(recursive) using defaults
[36.177s] Level 1:colcon.colcon_core.package_discovery:discover_packages(ignore) discover
[36.178s] Level 1:colcon.colcon_core.package_discovery:discover_packages(ignore) using defaults
[36.178s] Level 1:colcon.colcon_core.package_discovery:discover_packages(path) discover
[36.178s] Level 1:colcon.colcon_core.package_discovery:discover_packages(path) using defaults
[39.321s] Level 1:colcon.colcon_core.package_discovery:discover_packages(prefix_path) check parameters
[39.321s] Level 1:colcon.colcon_core.package_discovery:discover_packages(prefix_path) discover
[40.944s] DEBUG:colcon.colcon_installed_package_information.package_discovery:Found 31 installed packages in /home/doof-wagon/f1tenth_ws/install
[41.660s] DEBUG:colcon.colcon_installed_package_information.package_discovery:Found 313 installed packages in /opt/ros/foxy
[41.672s] Level 1:colcon.colcon_core.package_discovery:discover_packages(prefix_path) using defaults
[44.124s] Level 5:colcon.colcon_core.verb:set package 'object_detection' build argument 'cmake_args' from command line to 'None'
[44.125s] Level 5:colcon.colcon_core.verb:set package 'object_detection' build argument 'cmake_target' from command line to 'None'
[44.125s] Level 5:colcon.colcon_core.verb:set package 'object_detection' build argument 'cmake_target_skip_unavailable' from command line to 'False'
[44.125s] Level 5:colcon.colcon_core.verb:set package 'object_detection' build argument 'cmake_clean_cache' from command line to 'False'
[44.125s] Level 5:colcon.colcon_core.verb:set package 'object_detection' build argument 'cmake_clean_first' from command line to 'False'
[44.126s] Level 5:colcon.colcon_core.verb:set package 'object_detection' build argument 'cmake_force_configure' from command line to 'False'
[44.126s] Level 5:colcon.colcon_core.verb:set package 'object_detection' build argument 'ament_cmake_args' from command line to 'None'
[44.126s] Level 5:colcon.colcon_core.verb:set package 'object_detection' build argument 'catkin_cmake_args' from command line to 'None'
[44.126s] Level 5:colcon.colcon_core.verb:set package 'object_detection' build argument 'catkin_skip_building_tests' from command line to 'False'
[44.127s] DEBUG:colcon.colcon_core.verb:Building package 'object_detection' with the following arguments: {'ament_cmake_args': None, 'build_base': '/home/doof-wagon/f1tenth_ws/object_detection/build/object_detection', 'catkin_cmake_args': None, 'catkin_skip_building_tests': False, 'cmake_args': None, 'cmake_clean_cache': False, 'cmake_clean_first': False, 'cmake_force_configure': False, 'cmake_target': None, 'cmake_target_skip_unavailable': False, 'install_base': '/home/doof-wagon/f1tenth_ws/object_detection/install/object_detection', 'merge_install': False, 'path': '/home/doof-wagon/f1tenth_ws/object_detection', 'symlink_install': False, 'test_result_base': None}
[44.840s] INFO:colcon.colcon_core.executor:Executing jobs using 'parallel' executor
[45.604s] DEBUG:colcon.colcon_parallel_executor.executor.parallel:run_until_complete
[45.605s] INFO:colcon.colcon_ros.task.ament_python.build:Building ROS package in '/home/doof-wagon/f1tenth_ws/object_detection' with build type 'ament_python'
[45.607s] Level 1:colcon.colcon_core.shell:create_environment_hook('object_detection', 'ament_prefix_path')
[46.721s] INFO:colcon.colcon_core.plugin_system:Skipping extension 'colcon_core.shell.bat': Not used on non-Windows systems
[46.722s] INFO:colcon.colcon_core.shell:Creating environment hook '/home/doof-wagon/f1tenth_ws/object_detection/install/object_detection/share/object_detection/hook/ament_prefix_path.ps1'
[46.727s] INFO:colcon.colcon_core.shell:Creating environment descriptor '/home/doof-wagon/f1tenth_ws/object_detection/install/object_detection/share/object_detection/hook/ament_prefix_path.dsv'
[46.730s] INFO:colcon.colcon_core.shell:Creating environment hook '/home/doof-wagon/f1tenth_ws/object_detection/install/object_detection/share/object_detection/hook/ament_prefix_path.sh'
[47.464s] INFO:colcon.colcon_core.shell:Skip shell extension 'powershell' for command environment: Not usable outside of PowerShell
[47.465s] DEBUG:colcon.colcon_core.shell:Skip shell extension 'dsv' for command environment
[52.609s] INFO:colcon.colcon_core.task.python.build:Building Python package in '/home/doof-wagon/f1tenth_ws/object_detection'
[53.503s] INFO:colcon.colcon_core.shell:Skip shell extension 'powershell' for command environment: Not usable outside of PowerShell
[53.504s] DEBUG:colcon.colcon_core.shell:Skip shell extension 'dsv' for command environment
[60.149s] DEBUG:colcon.colcon_core.event_handler.log_command:Invoking command in '/home/doof-wagon/f1tenth_ws/object_detection': PYTHONPATH=/home/doof-wagon/f1tenth_ws/object_detection/build/object_detection/prefix_override:/home/doof-wagon/f1tenth_ws/object_detection/install/object_detection/lib/python3.8/site-packages:${PYTHONPATH} /usr/bin/python3 setup.py egg_info --egg-base build/object_detection build --build-base /home/doof-wagon/f1tenth_ws/object_detection/build/object_detection/build install --record /home/doof-wagon/f1tenth_ws/object_detection/build/object_detection/install.log --install-scripts $base/lib/object_detection --single-version-externally-managed
[63.887s] DEBUG:colcon.colcon_core.event_handler.log_command:Invoked command in '/home/doof-wagon/f1tenth_ws/object_detection' returned '0': PYTHONPATH=/home/doof-wagon/f1tenth_ws/object_detection/build/object_detection/prefix_override:/home/doof-wagon/f1tenth_ws/object_detection/install/object_detection/lib/python3.8/site-packages:${PYTHONPATH} /usr/bin/python3 setup.py egg_info --egg-base build/object_detection build --build-base /home/doof-wagon/f1tenth_ws/object_detection/build/object_detection/build install --record /home/doof-wagon/f1tenth_ws/object_detection/build/object_detection/install.log --install-scripts $base/lib/object_detection --single-version-externally-managed
[64.637s] Level 1:colcon.colcon_core.environment:checking '/home/doof-wagon/f1tenth_ws/object_detection/install/object_detection' for CMake module files
[64.640s] Level 1:colcon.colcon_core.environment:checking '/home/doof-wagon/f1tenth_ws/object_detection/install/object_detection' for CMake config files
[64.648s] Level 1:colcon.colcon_core.environment:checking '/home/doof-wagon/f1tenth_ws/object_detection/install/object_detection/lib'
[64.649s] Level 1:colcon.colcon_core.environment:checking '/home/doof-wagon/f1tenth_ws/object_detection/install/object_detection/bin'
[64.650s] Level 1:colcon.colcon_core.environment:checking '/home/doof-wagon/f1tenth_ws/object_detection/install/object_detection/lib/pkgconfig/object_detection.pc'
[64.652s] Level 1:colcon.colcon_core.environment:checking '/home/doof-wagon/f1tenth_ws/object_detection/install/object_detection/lib/python3.8/site-packages'
[64.652s] Level 1:colcon.colcon_core.shell:create_environment_hook('object_detection', 'pythonpath')
[65.276s] INFO:colcon.colcon_core.shell:Creating environment hook '/home/doof-wagon/f1tenth_ws/object_detection/install/object_detection/share/object_detection/hook/pythonpath.ps1'
[65.279s] INFO:colcon.colcon_core.shell:Creating environment descriptor '/home/doof-wagon/f1tenth_ws/object_detection/install/object_detection/share/object_detection/hook/pythonpath.dsv'
[65.281s] INFO:colcon.colcon_core.shell:Creating environment hook '/home/doof-wagon/f1tenth_ws/object_detection/install/object_detection/share/object_detection/hook/pythonpath.sh'
[65.284s] Level 1:colcon.colcon_core.environment:checking '/home/doof-wagon/f1tenth_ws/object_detection/install/object_detection/bin'
[65.284s] Level 1:colcon.colcon_core.environment:create_environment_scripts_only(object_detection)
[65.894s] INFO:colcon.colcon_core.shell:Creating package script '/home/doof-wagon/f1tenth_ws/object_detection/install/object_detection/share/object_detection/package.ps1'
[65.899s] INFO:colcon.colcon_core.shell:Creating package descriptor '/home/doof-wagon/f1tenth_ws/object_detection/install/object_detection/share/object_detection/package.dsv'
[65.903s] INFO:colcon.colcon_core.shell:Creating package script '/home/doof-wagon/f1tenth_ws/object_detection/install/object_detection/share/object_detection/package.sh'
[65.907s] INFO:colcon.colcon_core.shell:Creating package script '/home/doof-wagon/f1tenth_ws/object_detection/install/object_detection/share/object_detection/package.bash'
[65.913s] INFO:colcon.colcon_core.shell:Creating package script '/home/doof-wagon/f1tenth_ws/object_detection/install/object_detection/share/object_detection/package.zsh'
[65.917s] Level 1:colcon.colcon_core.environment:create_file_with_runtime_dependencies(/home/doof-wagon/f1tenth_ws/object_detection/install/object_detection/share/colcon-core/packages/object_detection)
[65.921s] DEBUG:colcon.colcon_parallel_executor.executor.parallel:closing loop
[65.923s] DEBUG:colcon.colcon_parallel_executor.executor.parallel:loop closed
[65.923s] DEBUG:colcon.colcon_parallel_executor.executor.parallel:run_until_complete finished with '0'
[65.924s] DEBUG:colcon.colcon_core.event_reactor:joining thread
[66.583s] INFO:colcon.colcon_core.plugin_system:Skipping extension 'colcon_notification.desktop_notification.terminal_notifier': Not used on non-Darwin systems
[66.584s] INFO:colcon.colcon_core.plugin_system:Skipping extension 'colcon_notification.desktop_notification.win32': Not used on non-Windows systems
[66.584s] INFO:colcon.colcon_notification.desktop_notification:Sending desktop notification using 'notify2'
[66.702s] DEBUG:colcon.colcon_core.event_reactor:joined thread
[67.300s] INFO:colcon.colcon_core.shell:Creating prefix script '/home/doof-wagon/f1tenth_ws/object_detection/install/local_setup.ps1'
[67.305s] INFO:colcon.colcon_core.shell:Creating prefix util module '/home/doof-wagon/f1tenth_ws/object_detection/install/_local_setup_util_ps1.py'
[67.312s] INFO:colcon.colcon_core.shell:Creating prefix chain script '/home/doof-wagon/f1tenth_ws/object_detection/install/setup.ps1'
[67.912s] INFO:colcon.colcon_core.shell:Creating prefix script '/home/doof-wagon/f1tenth_ws/object_detection/install/local_setup.sh'
[67.916s] INFO:colcon.colcon_core.shell:Creating prefix util module '/home/doof-wagon/f1tenth_ws/object_detection/install/_local_setup_util_sh.py'
[67.918s] INFO:colcon.colcon_core.shell:Creating prefix chain script '/home/doof-wagon/f1tenth_ws/object_detection/install/setup.sh'
[68.634s] INFO:colcon.colcon_core.shell:Creating prefix script '/home/doof-wagon/f1tenth_ws/object_detection/install/local_setup.bash'
[68.637s] INFO:colcon.colcon_core.shell:Creating prefix chain script '/home/doof-wagon/f1tenth_ws/object_detection/install/setup.bash'
[69.435s] INFO:colcon.colcon_core.shell:Creating prefix script '/home/doof-wagon/f1tenth_ws/object_detection/install/local_setup.zsh'
[69.439s] INFO:colcon.colcon_core.shell:Creating prefix chain script '/home/doof-wagon/f1tenth_ws/object_detection/install/setup.zsh'
