running egg_info
creating build/object_detection/object_detection.egg-info
writing build/object_detection/object_detection.egg-info/PKG-INFO
writing dependency_links to build/object_detection/object_detection.egg-info/dependency_links.txt
writing entry points to build/object_detection/object_detection.egg-info/entry_points.txt
writing requirements to build/object_detection/object_detection.egg-info/requires.txt
writing top-level names to build/object_detection/object_detection.egg-info/top_level.txt
writing manifest file 'build/object_detection/object_detection.egg-info/SOURCES.txt'
reading manifest file 'build/object_detection/object_detection.egg-info/SOURCES.txt'
writing manifest file 'build/object_detection/object_detection.egg-info/SOURCES.txt'
running build
running build_py
creating /home/doof-wagon/f1tenth_ws/object_detection/build/object_detection/build
creating /home/doof-wagon/f1tenth_ws/object_detection/build/object_detection/build/lib
creating /home/doof-wagon/f1tenth_ws/object_detection/build/object_detection/build/lib/object_detection
copying object_detection/__init__.py -> /home/doof-wagon/f1tenth_ws/object_detection/build/object_detection/build/lib/object_detection
copying object_detection/object_detection_node.py -> /home/doof-wagon/f1tenth_ws/object_detection/build/object_detection/build/lib/object_detection
creating /home/doof-wagon/f1tenth_ws/object_detection/build/object_detection/build/lib/object_detection/object_detection
copying object_detection/object_detection/run2Videos.py -> /home/doof-wagon/f1tenth_ws/object_detection/build/object_detection/build/lib/object_detection/object_detection
copying object_detection/object_detection/mainObjectDetection.py -> /home/doof-wagon/f1tenth_ws/object_detection/build/object_detection/build/lib/object_detection/object_detection
copying object_detection/object_detection/__init__.py -> /home/doof-wagon/f1tenth_ws/object_detection/build/object_detection/build/lib/object_detection/object_detection
copying object_detection/object_detection/yolov8n.pt -> /home/doof-wagon/f1tenth_ws/object_detection/build/object_detection/build/lib/object_detection/object_detection
copying object_detection/object_detection/yolov8s.pt -> /home/doof-wagon/f1tenth_ws/object_detection/build/object_detection/build/lib/object_detection/object_detection
copying object_detection/object_detection/YOLO_car_detector.py -> /home/doof-wagon/f1tenth_ws/object_detection/build/object_detection/build/lib/object_detection/object_detection
copying object_detection/object_detection/yoloWorldCarDetector.py -> /home/doof-wagon/f1tenth_ws/object_detection/build/object_detection/build/lib/object_detection/object_detection
copying object_detection/object_detection/yolov8s-world.pt -> /home/doof-wagon/f1tenth_ws/object_detection/build/object_detection/build/lib/object_detection/object_detection
running install
running install_lib
creating /home/doof-wagon/f1tenth_ws/object_detection/install/object_detection/lib/python3.8/site-packages/object_detection
creating /home/doof-wagon/f1tenth_ws/object_detection/install/object_detection/lib/python3.8/site-packages/object_detection/object_detection
copying /home/doof-wagon/f1tenth_ws/object_detection/build/object_detection/build/lib/object_detection/object_detection/run2Videos.py -> /home/doof-wagon/f1tenth_ws/object_detection/install/object_detection/lib/python3.8/site-packages/object_detection/object_detection
copying /home/doof-wagon/f1tenth_ws/object_detection/build/object_detection/build/lib/object_detection/object_detection/mainObjectDetection.py -> /home/doof-wagon/f1tenth_ws/object_detection/install/object_detection/lib/python3.8/site-packages/object_detection/object_detection
copying /home/doof-wagon/f1tenth_ws/object_detection/build/object_detection/build/lib/object_detection/object_detection/__init__.py -> /home/doof-wagon/f1tenth_ws/object_detection/install/object_detection/lib/python3.8/site-packages/object_detection/object_detection
copying /home/doof-wagon/f1tenth_ws/object_detection/build/object_detection/build/lib/object_detection/object_detection/yolov8n.pt -> /home/doof-wagon/f1tenth_ws/object_detection/install/object_detection/lib/python3.8/site-packages/object_detection/object_detection
copying /home/doof-wagon/f1tenth_ws/object_detection/build/object_detection/build/lib/object_detection/object_detection/yolov8s.pt -> /home/doof-wagon/f1tenth_ws/object_detection/install/object_detection/lib/python3.8/site-packages/object_detection/object_detection
copying /home/doof-wagon/f1tenth_ws/object_detection/build/object_detection/build/lib/object_detection/object_detection/YOLO_car_detector.py -> /home/doof-wagon/f1tenth_ws/object_detection/install/object_detection/lib/python3.8/site-packages/object_detection/object_detection
copying /home/doof-wagon/f1tenth_ws/object_detection/build/object_detection/build/lib/object_detection/object_detection/yoloWorldCarDetector.py -> /home/doof-wagon/f1tenth_ws/object_detection/install/object_detection/lib/python3.8/site-packages/object_detection/object_detection
copying /home/doof-wagon/f1tenth_ws/object_detection/build/object_detection/build/lib/object_detection/object_detection/yolov8s-world.pt -> /home/doof-wagon/f1tenth_ws/object_detection/install/object_detection/lib/python3.8/site-packages/object_detection/object_detection
copying /home/doof-wagon/f1tenth_ws/object_detection/build/object_detection/build/lib/object_detection/__init__.py -> /home/doof-wagon/f1tenth_ws/object_detection/install/object_detection/lib/python3.8/site-packages/object_detection
copying /home/doof-wagon/f1tenth_ws/object_detection/build/object_detection/build/lib/object_detection/object_detection_node.py -> /home/doof-wagon/f1tenth_ws/object_detection/install/object_detection/lib/python3.8/site-packages/object_detection
byte-compiling /home/doof-wagon/f1tenth_ws/object_detection/install/object_detection/lib/python3.8/site-packages/object_detection/object_detection/run2Videos.py to run2Videos.cpython-38.pyc
byte-compiling /home/doof-wagon/f1tenth_ws/object_detection/install/object_detection/lib/python3.8/site-packages/object_detection/object_detection/mainObjectDetection.py to mainObjectDetection.cpython-38.pyc
byte-compiling /home/doof-wagon/f1tenth_ws/object_detection/install/object_detection/lib/python3.8/site-packages/object_detection/object_detection/__init__.py to __init__.cpython-38.pyc
byte-compiling /home/doof-wagon/f1tenth_ws/object_detection/install/object_detection/lib/python3.8/site-packages/object_detection/object_detection/YOLO_car_detector.py to YOLO_car_detector.cpython-38.pyc
byte-compiling /home/doof-wagon/f1tenth_ws/object_detection/install/object_detection/lib/python3.8/site-packages/object_detection/object_detection/yoloWorldCarDetector.py to yoloWorldCarDetector.cpython-38.pyc
byte-compiling /home/doof-wagon/f1tenth_ws/object_detection/install/object_detection/lib/python3.8/site-packages/object_detection/__init__.py to __init__.cpython-38.pyc
byte-compiling /home/doof-wagon/f1tenth_ws/object_detection/install/object_detection/lib/python3.8/site-packages/object_detection/object_detection_node.py to object_detection_node.cpython-38.pyc
running install_data
creating /home/doof-wagon/f1tenth_ws/object_detection/install/object_detection/share/ament_index
creating /home/doof-wagon/f1tenth_ws/object_detection/install/object_detection/share/ament_index/resource_index
creating /home/doof-wagon/f1tenth_ws/object_detection/install/object_detection/share/ament_index/resource_index/packages
copying resource/object_detection -> /home/doof-wagon/f1tenth_ws/object_detection/install/object_detection/share/ament_index/resource_index/packages
copying package.xml -> /home/doof-wagon/f1tenth_ws/object_detection/install/object_detection/share/object_detection
running install_egg_info
Copying build/object_detection/object_detection.egg-info to /home/doof-wagon/f1tenth_ws/object_detection/install/object_detection/lib/python3.8/site-packages/object_detection-0.0.0-py3.8.egg-info
running install_scripts
Installing object_detection_node script to /home/doof-wagon/f1tenth_ws/object_detection/install/object_detection/lib/object_detection
writing list of installed files to '/home/doof-wagon/f1tenth_ws/object_detection/build/object_detection/install.log'
